[0.007s] Invoking command in '/home/alicechan/dai_ws/build/depthai_ros_driver': AMENT_PREFIX_PATH=/home/alicechan/dai_ws/install/depthai_examples:/home/alicechan/dai_ws/install/depthai_bridge:/home/alicechan/dai_ws/install/depthai_ros_msgs:/home/alicechan/dai_ws/install/depthai_descriptions:${AMENT_PREFIX_PATH} CMAKE_PREFIX_PATH=/home/alicechan/dai_ws/install/depthai_examples:/home/alicechan/dai_ws/install/depthai_bridge:/home/alicechan/dai_ws/install/depthai_ros_msgs:/home/alicechan/dai_ws/install/depthai_descriptions:/home/alicechan/git/ros2_ws/install/my_py_pkg:/opt/ros/humble GAZEBO_MODEL_PATH=/home/alicechan/dai_ws/install/depthai_descriptions GAZEBO_RESOURCE_PATH=/home/alicechan/dai_ws/install/depthai_descriptions IGN_GAZEBO_MODEL_PATH=/home/alicechan/dai_ws/install/depthai_descriptions IGN_GAZEBO_RESOURCE_PATH=/home/alicechan/dai_ws/install/depthai_descriptions LD_LIBRARY_PATH=/home/alicechan/dai_ws/install/depthai_bridge/lib:/home/alicechan/dai_ws/install/depthai_ros_msgs/lib:${LD_LIBRARY_PATH} PYTHONPATH=/home/alicechan/dai_ws/install/depthai_ros_msgs/local/lib/python3.10/dist-packages:${PYTHONPATH} /usr/bin/cmake /home/alicechan/dai_ws/src/depthai-ros/depthai_ros_driver -DCMAKE_INSTALL_PREFIX=/home/alicechan/dai_ws/install/depthai_ros_driver
[0.041s] -- The C compiler identification is GNU 11.4.0
[0.074s] -- The CXX compiler identification is GNU 11.4.0
[0.078s] -- Detecting C compiler ABI info
[0.121s] -- Detecting C compiler ABI info - done
[0.125s] -- Check for working C compiler: /usr/bin/cc - skipped
[0.126s] -- Detecting C compile features
[0.126s] -- Detecting C compile features - done
[0.128s] -- Detecting CXX compiler ABI info
[0.175s] -- Detecting CXX compiler ABI info - done
[0.179s] -- Check for working CXX compiler: /usr/bin/c++ - skipped
[0.179s] -- Detecting CXX compile features
[0.180s] -- Detecting CXX compile features - done
[0.181s] -- Found ament_cmake_auto: 1.3.9 (/opt/ros/humble/share/ament_cmake_auto/cmake)
[0.274s] -- Found Python3: /usr/bin/python3 (found version "3.10.12") found components: Interpreter 
[0.408s] -- Found rosidl_generator_c: 3.1.5 (/opt/ros/humble/share/rosidl_generator_c/cmake)
[0.411s] -- Found rosidl_adapter: 3.1.5 (/opt/ros/humble/share/rosidl_adapter/cmake)
[0.416s] -- Found rosidl_generator_cpp: 3.1.5 (/opt/ros/humble/share/rosidl_generator_cpp/cmake)
[0.424s] -- Using all available rosidl_typesupport_c: rosidl_typesupport_fastrtps_c;rosidl_typesupport_introspection_c
[0.435s] -- Using all available rosidl_typesupport_cpp: rosidl_typesupport_fastrtps_cpp;rosidl_typesupport_introspection_cpp
[0.477s] -- Found rmw_implementation_cmake: 6.1.2 (/opt/ros/humble/share/rmw_implementation_cmake/cmake)
[0.478s] -- Found rmw_fastrtps_cpp: 6.2.6 (/opt/ros/humble/share/rmw_fastrtps_cpp/cmake)
[0.535s] -- Found OpenSSL: /usr/lib/x86_64-linux-gnu/libcrypto.so (found version "3.0.2")  
[0.552s] -- Found FastRTPS: /opt/ros/humble/include  
[0.580s] -- Using RMW implementation 'rmw_fastrtps_cpp' as default
[0.586s] -- Looking for pthread.h
[0.631s] -- Looking for pthread.h - found
[0.632s] -- Performing Test CMAKE_HAVE_LIBC_PTHREAD
[0.675s] -- Performing Test CMAKE_HAVE_LIBC_PTHREAD - Success
[0.675s] -- Found Threads: TRUE  
[1.382s] -- Found eigen3_cmake_module: 0.1.1 (/opt/ros/humble/share/eigen3_cmake_module/cmake)
[1.383s] -- Found Eigen3: TRUE (found version "3.4.0") 
[1.383s] -- Ensuring Eigen3 include directory is part of orocos-kdl CMake target
[1.477s] -- Configuring done
[1.497s] -- Generating done
[1.498s] -- Build files have been written to: /home/alicechan/dai_ws/build/depthai_ros_driver
[1.506s] Invoked command in '/home/alicechan/dai_ws/build/depthai_ros_driver' returned '0': AMENT_PREFIX_PATH=/home/alicechan/dai_ws/install/depthai_examples:/home/alicechan/dai_ws/install/depthai_bridge:/home/alicechan/dai_ws/install/depthai_ros_msgs:/home/alicechan/dai_ws/install/depthai_descriptions:${AMENT_PREFIX_PATH} CMAKE_PREFIX_PATH=/home/alicechan/dai_ws/install/depthai_examples:/home/alicechan/dai_ws/install/depthai_bridge:/home/alicechan/dai_ws/install/depthai_ros_msgs:/home/alicechan/dai_ws/install/depthai_descriptions:/home/alicechan/git/ros2_ws/install/my_py_pkg:/opt/ros/humble GAZEBO_MODEL_PATH=/home/alicechan/dai_ws/install/depthai_descriptions GAZEBO_RESOURCE_PATH=/home/alicechan/dai_ws/install/depthai_descriptions IGN_GAZEBO_MODEL_PATH=/home/alicechan/dai_ws/install/depthai_descriptions IGN_GAZEBO_RESOURCE_PATH=/home/alicechan/dai_ws/install/depthai_descriptions LD_LIBRARY_PATH=/home/alicechan/dai_ws/install/depthai_bridge/lib:/home/alicechan/dai_ws/install/depthai_ros_msgs/lib:${LD_LIBRARY_PATH} PYTHONPATH=/home/alicechan/dai_ws/install/depthai_ros_msgs/local/lib/python3.10/dist-packages:${PYTHONPATH} /usr/bin/cmake /home/alicechan/dai_ws/src/depthai-ros/depthai_ros_driver -DCMAKE_INSTALL_PREFIX=/home/alicechan/dai_ws/install/depthai_ros_driver
[1.506s] Invoking command in '/home/alicechan/dai_ws/build/depthai_ros_driver': AMENT_PREFIX_PATH=/home/alicechan/dai_ws/install/depthai_examples:/home/alicechan/dai_ws/install/depthai_bridge:/home/alicechan/dai_ws/install/depthai_ros_msgs:/home/alicechan/dai_ws/install/depthai_descriptions:${AMENT_PREFIX_PATH} CMAKE_PREFIX_PATH=/home/alicechan/dai_ws/install/depthai_examples:/home/alicechan/dai_ws/install/depthai_bridge:/home/alicechan/dai_ws/install/depthai_ros_msgs:/home/alicechan/dai_ws/install/depthai_descriptions:/home/alicechan/git/ros2_ws/install/my_py_pkg:/opt/ros/humble GAZEBO_MODEL_PATH=/home/alicechan/dai_ws/install/depthai_descriptions GAZEBO_RESOURCE_PATH=/home/alicechan/dai_ws/install/depthai_descriptions IGN_GAZEBO_MODEL_PATH=/home/alicechan/dai_ws/install/depthai_descriptions IGN_GAZEBO_RESOURCE_PATH=/home/alicechan/dai_ws/install/depthai_descriptions LD_LIBRARY_PATH=/home/alicechan/dai_ws/install/depthai_bridge/lib:/home/alicechan/dai_ws/install/depthai_ros_msgs/lib:${LD_LIBRARY_PATH} PYTHONPATH=/home/alicechan/dai_ws/install/depthai_ros_msgs/local/lib/python3.10/dist-packages:${PYTHONPATH} /usr/bin/cmake --build /home/alicechan/dai_ws/build/depthai_ros_driver
[1.538s] [  3%] [32mBuilding CXX object CMakeFiles/depthai_ros_driver_common.dir/src/utils.cpp.o[0m
[3.380s] [  7%] [32mBuilding CXX object CMakeFiles/depthai_ros_driver_common.dir/src/dai_nodes/base_node.cpp.o[0m
[6.277s] [ 11%] [32mBuilding CXX object CMakeFiles/depthai_ros_driver_common.dir/src/dai_nodes/sys_logger.cpp.o[0m
[10.974s] [ 15%] [32mBuilding CXX object CMakeFiles/depthai_ros_driver_common.dir/src/dai_nodes/sensors/sensor_helpers.cpp.o[0m
[15.151s] [ 19%] [32mBuilding CXX object CMakeFiles/depthai_ros_driver_common.dir/src/param_handlers/camera_param_handler.cpp.o[0m
[16.730s] [ 23%] [32mBuilding CXX object CMakeFiles/depthai_ros_driver_common.dir/src/param_handlers/imu_param_handler.cpp.o[0m
[19.469s] [ 26%] [32mBuilding CXX object CMakeFiles/depthai_ros_driver_common.dir/src/param_handlers/nn_param_handler.cpp.o[0m
[22.350s] [ 30%] [32mBuilding CXX object CMakeFiles/depthai_ros_driver_common.dir/src/param_handlers/sensor_param_handler.cpp.o[0m
[24.593s] [ 34%] [32mBuilding CXX object CMakeFiles/depthai_ros_driver_common.dir/src/param_handlers/feature_tracker_param_handler.cpp.o[0m
[26.716s] [ 38%] [32mBuilding CXX object CMakeFiles/depthai_ros_driver_common.dir/src/param_handlers/stereo_param_handler.cpp.o[0m
[29.411s] [ 42%] [32m[1mLinking CXX shared library libdepthai_ros_driver_common.so[0m
[29.745s] [ 42%] Built target depthai_ros_driver_common
[29.758s] [ 46%] [32mBuilding CXX object CMakeFiles/depthai_ros_driver_sensor_nodes.dir/src/dai_nodes/sensors/imu.cpp.o[0m
[34.773s] [ 50%] [32mBuilding CXX object CMakeFiles/depthai_ros_driver_sensor_nodes.dir/src/dai_nodes/sensors/rgb.cpp.o[0m
[39.270s] [ 53%] [32mBuilding CXX object CMakeFiles/depthai_ros_driver_sensor_nodes.dir/src/dai_nodes/sensors/mono.cpp.o[0m
[43.799s] [ 57%] [32mBuilding CXX object CMakeFiles/depthai_ros_driver_sensor_nodes.dir/src/dai_nodes/sensors/feature_tracker.cpp.o[0m
[48.189s] [ 61%] [32mBuilding CXX object CMakeFiles/depthai_ros_driver_sensor_nodes.dir/src/dai_nodes/sensors/sensor_wrapper.cpp.o[0m
[54.658s] [ 65%] [32mBuilding CXX object CMakeFiles/depthai_ros_driver_sensor_nodes.dir/src/dai_nodes/stereo.cpp.o[0m
[60.052s] [ 69%] [32m[1mLinking CXX shared library libdepthai_ros_driver_sensor_nodes.so[0m
[60.675s] [ 69%] Built target depthai_ros_driver_sensor_nodes
[60.688s] [ 73%] [32mBuilding CXX object CMakeFiles/depthai_ros_driver_nn_nodes.dir/src/dai_nodes/nn/nn_wrapper.cpp.o[0m
[66.352s] [ 76%] [32mBuilding CXX object CMakeFiles/depthai_ros_driver_nn_nodes.dir/src/dai_nodes/nn/spatial_nn_wrapper.cpp.o[0m
[72.171s] [ 80%] [32mBuilding CXX object CMakeFiles/depthai_ros_driver_nn_nodes.dir/src/dai_nodes/nn/segmentation.cpp.o[0m
[76.815s] [ 84%] [32m[1mLinking CXX shared library libdepthai_ros_driver_nn_nodes.so[0m
[77.197s] [ 84%] Built target depthai_ros_driver_nn_nodes
[77.209s] [ 88%] [32mBuilding CXX object CMakeFiles/depthai_ros_driver.dir/src/camera.cpp.o[0m
[85.287s] [ 92%] [32mBuilding CXX object CMakeFiles/depthai_ros_driver.dir/src/pipeline/pipeline_generator.cpp.o[0m
[91.021s] [ 96%] [32mBuilding CXX object CMakeFiles/depthai_ros_driver.dir/src/pipeline/base_types.cpp.o[0m
[94.615s] [100%] [32m[1mLinking CXX shared library libdepthai_ros_driver.so[0m
[95.340s] [100%] Built target depthai_ros_driver
[95.360s] [100%] Built target ament_cmake_python_copy_depthai_ros_driver
[95.527s] running egg_info
[95.528s] creating depthai_ros_driver.egg-info
[95.528s] writing depthai_ros_driver.egg-info/PKG-INFO
[95.528s] writing dependency_links to depthai_ros_driver.egg-info/dependency_links.txt
[95.528s] writing top-level names to depthai_ros_driver.egg-info/top_level.txt
[95.529s] writing manifest file 'depthai_ros_driver.egg-info/SOURCES.txt'
[95.530s] reading manifest file 'depthai_ros_driver.egg-info/SOURCES.txt'
[95.530s] writing manifest file 'depthai_ros_driver.egg-info/SOURCES.txt'
[95.547s] [100%] Built target ament_cmake_python_build_depthai_ros_driver_egg
[95.556s] Invoked command in '/home/alicechan/dai_ws/build/depthai_ros_driver' returned '0': AMENT_PREFIX_PATH=/home/alicechan/dai_ws/install/depthai_examples:/home/alicechan/dai_ws/install/depthai_bridge:/home/alicechan/dai_ws/install/depthai_ros_msgs:/home/alicechan/dai_ws/install/depthai_descriptions:${AMENT_PREFIX_PATH} CMAKE_PREFIX_PATH=/home/alicechan/dai_ws/install/depthai_examples:/home/alicechan/dai_ws/install/depthai_bridge:/home/alicechan/dai_ws/install/depthai_ros_msgs:/home/alicechan/dai_ws/install/depthai_descriptions:/home/alicechan/git/ros2_ws/install/my_py_pkg:/opt/ros/humble GAZEBO_MODEL_PATH=/home/alicechan/dai_ws/install/depthai_descriptions GAZEBO_RESOURCE_PATH=/home/alicechan/dai_ws/install/depthai_descriptions IGN_GAZEBO_MODEL_PATH=/home/alicechan/dai_ws/install/depthai_descriptions IGN_GAZEBO_RESOURCE_PATH=/home/alicechan/dai_ws/install/depthai_descriptions LD_LIBRARY_PATH=/home/alicechan/dai_ws/install/depthai_bridge/lib:/home/alicechan/dai_ws/install/depthai_ros_msgs/lib:${LD_LIBRARY_PATH} PYTHONPATH=/home/alicechan/dai_ws/install/depthai_ros_msgs/local/lib/python3.10/dist-packages:${PYTHONPATH} /usr/bin/cmake --build /home/alicechan/dai_ws/build/depthai_ros_driver
[95.606s] Invoking command in '/home/alicechan/dai_ws/build/depthai_ros_driver': AMENT_PREFIX_PATH=/home/alicechan/dai_ws/install/depthai_examples:/home/alicechan/dai_ws/install/depthai_bridge:/home/alicechan/dai_ws/install/depthai_ros_msgs:/home/alicechan/dai_ws/install/depthai_descriptions:${AMENT_PREFIX_PATH} CMAKE_PREFIX_PATH=/home/alicechan/dai_ws/install/depthai_examples:/home/alicechan/dai_ws/install/depthai_bridge:/home/alicechan/dai_ws/install/depthai_ros_msgs:/home/alicechan/dai_ws/install/depthai_descriptions:/home/alicechan/git/ros2_ws/install/my_py_pkg:/opt/ros/humble GAZEBO_MODEL_PATH=/home/alicechan/dai_ws/install/depthai_descriptions GAZEBO_RESOURCE_PATH=/home/alicechan/dai_ws/install/depthai_descriptions IGN_GAZEBO_MODEL_PATH=/home/alicechan/dai_ws/install/depthai_descriptions IGN_GAZEBO_RESOURCE_PATH=/home/alicechan/dai_ws/install/depthai_descriptions LD_LIBRARY_PATH=/home/alicechan/dai_ws/install/depthai_bridge/lib:/home/alicechan/dai_ws/install/depthai_ros_msgs/lib:${LD_LIBRARY_PATH} PYTHONPATH=/home/alicechan/dai_ws/install/depthai_ros_msgs/local/lib/python3.10/dist-packages:${PYTHONPATH} /usr/bin/cmake --install /home/alicechan/dai_ws/build/depthai_ros_driver
[95.612s] -- Install configuration: ""
[95.612s] -- Installing: /home/alicechan/dai_ws/install/depthai_ros_driver/share/depthai_ros_driver/plugins.xml
[95.612s] -- Installing: /home/alicechan/dai_ws/install/depthai_ros_driver/share/depthai_ros_driver/environment/library_path.sh
[95.612s] -- Installing: /home/alicechan/dai_ws/install/depthai_ros_driver/share/depthai_ros_driver/environment/library_path.dsv
[95.612s] -- Installing: /home/alicechan/dai_ws/install/depthai_ros_driver/share/depthai_ros_driver/launch
[95.612s] -- Installing: /home/alicechan/dai_ws/install/depthai_ros_driver/share/depthai_ros_driver/launch/example_marker_publish.launch.py
[95.612s] -- Installing: /home/alicechan/dai_ws/install/depthai_ros_driver/share/depthai_ros_driver/launch/example_multicam.launch.py
[95.612s] -- Installing: /home/alicechan/dai_ws/install/depthai_ros_driver/share/depthai_ros_driver/launch/RX_OAK_integ.launch.py
[95.612s] -- Installing: /home/alicechan/dai_ws/install/depthai_ros_driver/share/depthai_ros_driver/launch/camera_as_part_of_a_robot.launch.py
[95.612s] -- Installing: /home/alicechan/dai_ws/install/depthai_ros_driver/share/depthai_ros_driver/launch/camera.launch.py
[95.612s] -- Installing: /home/alicechan/dai_ws/install/depthai_ros_driver/share/depthai_ros_driver/launch/rtabmap.launch.py
[95.612s] -- Installing: /home/alicechan/dai_ws/install/depthai_ros_driver/share/depthai_ros_driver/launch/sr_rgbd_pcl.launch.py
[95.613s] -- Installing: /home/alicechan/dai_ws/install/depthai_ros_driver/share/depthai_ros_driver/launch/calibration.launch.py
[95.613s] -- Installing: /home/alicechan/dai_ws/install/depthai_ros_driver/share/depthai_ros_driver/launch/example_segmentation.launch.py
[95.613s] -- Installing: /home/alicechan/dai_ws/install/depthai_ros_driver/share/depthai_ros_driver/launch/pointcloud.launch.py
[95.613s] -- Installing: /home/alicechan/dai_ws/install/depthai_ros_driver/share/depthai_ros_driver/launch/rgbd_pcl.launch.py
[95.613s] -- Installing: /home/alicechan/dai_ws/install/depthai_ros_driver/share/depthai_ros_driver/launch/stereo_from_rosbag.launch.py
[95.613s] -- Installing: /home/alicechan/dai_ws/install/depthai_ros_driver/share/depthai_ros_driver/config
[95.613s] -- Installing: /home/alicechan/dai_ws/install/depthai_ros_driver/share/depthai_ros_driver/config/spatial_yolo.yaml
[95.613s] -- Installing: /home/alicechan/dai_ws/install/depthai_ros_driver/share/depthai_ros_driver/config/isaac_vslam.yaml
[95.613s] -- Installing: /home/alicechan/dai_ws/install/depthai_ros_driver/share/depthai_ros_driver/config/oak_d_sr.yaml
[95.613s] -- Installing: /home/alicechan/dai_ws/install/depthai_ros_driver/share/depthai_ros_driver/config/rgbd.yaml
[95.613s] -- Installing: /home/alicechan/dai_ws/install/depthai_ros_driver/share/depthai_ros_driver/config/nn
[95.613s] -- Installing: /home/alicechan/dai_ws/install/depthai_ros_driver/share/depthai_ros_driver/config/nn/mobilenet.json
[95.613s] -- Installing: /home/alicechan/dai_ws/install/depthai_ros_driver/share/depthai_ros_driver/config/nn/segmentation.json
[95.613s] -- Installing: /home/alicechan/dai_ws/install/depthai_ros_driver/share/depthai_ros_driver/config/nn/yolo.json
[95.613s] -- Installing: /home/alicechan/dai_ws/install/depthai_ros_driver/share/depthai_ros_driver/config/sr_rgbd.yaml
[95.613s] -- Installing: /home/alicechan/dai_ws/install/depthai_ros_driver/share/depthai_ros_driver/config/calibration.yaml
[95.613s] -- Installing: /home/alicechan/dai_ws/install/depthai_ros_driver/share/depthai_ros_driver/config/camera.yaml
[95.613s] -- Installing: /home/alicechan/dai_ws/install/depthai_ros_driver/share/depthai_ros_driver/config/pcl.yaml
[95.613s] -- Installing: /home/alicechan/dai_ws/install/depthai_ros_driver/share/depthai_ros_driver/config/oak_d_pro_w.yaml
[95.613s] -- Installing: /home/alicechan/dai_ws/install/depthai_ros_driver/share/depthai_ros_driver/config/calibration
[95.613s] -- Installing: /home/alicechan/dai_ws/install/depthai_ros_driver/share/depthai_ros_driver/config/calibration/right.yaml
[95.613s] -- Installing: /home/alicechan/dai_ws/install/depthai_ros_driver/share/depthai_ros_driver/config/calibration/rgb.yaml
[95.613s] -- Installing: /home/alicechan/dai_ws/install/depthai_ros_driver/share/depthai_ros_driver/config/calibration/left.yaml
[95.613s] -- Installing: /home/alicechan/dai_ws/install/depthai_ros_driver/share/depthai_ros_driver/config/rviz
[95.613s] -- Installing: /home/alicechan/dai_ws/install/depthai_ros_driver/share/depthai_ros_driver/config/rviz/rgbd.rviz
[95.613s] -- Installing: /home/alicechan/dai_ws/install/depthai_ros_driver/share/depthai_ros_driver/config/rviz/segmentation.rviz
[95.613s] -- Installing: /home/alicechan/dai_ws/install/depthai_ros_driver/share/depthai_ros_driver/config/rviz/multicam.rviz
[95.613s] -- Installing: /home/alicechan/dai_ws/install/depthai_ros_driver/share/depthai_ros_driver/config/multicam_example.yaml
[95.613s] -- Installing: /home/alicechan/dai_ws/install/depthai_ros_driver/share/depthai_ros_driver/config/segmentation.yaml
[95.613s] -- Installing: /home/alicechan/dai_ws/install/depthai_ros_driver/share/depthai_ros_driver/config/stereo_from_rosbag.yaml
[95.613s] -- Installing: /home/alicechan/dai_ws/install/depthai_ros_driver/share/depthai_ros_driver/config/low_bandwidth.yaml
[95.613s] -- Installing: /home/alicechan/dai_ws/install/depthai_ros_driver/share/depthai_ros_driver/config/RX_3cams.yaml
[95.614s] -- Installing: /home/alicechan/dai_ws/install/depthai_ros_driver/lib/libdepthai_ros_driver.so
[95.620s] -- Set runtime path of "/home/alicechan/dai_ws/install/depthai_ros_driver/lib/libdepthai_ros_driver.so" to ""
[95.621s] -- Installing: /home/alicechan/dai_ws/install/depthai_ros_driver/lib/libdepthai_ros_driver_sensor_nodes.so
[95.628s] -- Set runtime path of "/home/alicechan/dai_ws/install/depthai_ros_driver/lib/libdepthai_ros_driver_sensor_nodes.so" to ""
[95.628s] -- Installing: /home/alicechan/dai_ws/install/depthai_ros_driver/lib/libdepthai_ros_driver_nn_nodes.so
[95.632s] -- Set runtime path of "/home/alicechan/dai_ws/install/depthai_ros_driver/lib/libdepthai_ros_driver_nn_nodes.so" to ""
[95.632s] -- Installing: /home/alicechan/dai_ws/install/depthai_ros_driver/lib/libdepthai_ros_driver_common.so
[95.637s] -- Set runtime path of "/home/alicechan/dai_ws/install/depthai_ros_driver/lib/libdepthai_ros_driver_common.so" to ""
[95.637s] -- Installing: /home/alicechan/dai_ws/install/depthai_ros_driver/share/depthai_ros_driver/cmake/depthai_ros_driverTargets.cmake
[95.637s] -- Installing: /home/alicechan/dai_ws/install/depthai_ros_driver/share/depthai_ros_driver/cmake/depthai_ros_driverTargets-noconfig.cmake
[95.637s] -- Installing: /home/alicechan/dai_ws/install/depthai_ros_driver/share/depthai_ros_driver/environment/pythonpath.sh
[95.637s] -- Installing: /home/alicechan/dai_ws/install/depthai_ros_driver/share/depthai_ros_driver/environment/pythonpath.dsv
[95.637s] -- Installing: /home/alicechan/dai_ws/install/depthai_ros_driver/local/lib/python3.10/dist-packages/depthai_ros_driver-2.9.0-py3.10.egg-info
[95.637s] -- Installing: /home/alicechan/dai_ws/install/depthai_ros_driver/local/lib/python3.10/dist-packages/depthai_ros_driver-2.9.0-py3.10.egg-info/top_level.txt
[95.637s] -- Installing: /home/alicechan/dai_ws/install/depthai_ros_driver/local/lib/python3.10/dist-packages/depthai_ros_driver-2.9.0-py3.10.egg-info/dependency_links.txt
[95.637s] -- Installing: /home/alicechan/dai_ws/install/depthai_ros_driver/local/lib/python3.10/dist-packages/depthai_ros_driver-2.9.0-py3.10.egg-info/PKG-INFO
[95.637s] -- Installing: /home/alicechan/dai_ws/install/depthai_ros_driver/local/lib/python3.10/dist-packages/depthai_ros_driver-2.9.0-py3.10.egg-info/SOURCES.txt
[95.637s] -- Installing: /home/alicechan/dai_ws/install/depthai_ros_driver/local/lib/python3.10/dist-packages/depthai_ros_driver
[95.637s] -- Installing: /home/alicechan/dai_ws/install/depthai_ros_driver/local/lib/python3.10/dist-packages/depthai_ros_driver/__init__.py
[95.657s] Listing '/home/alicechan/dai_ws/install/depthai_ros_driver/local/lib/python3.10/dist-packages/depthai_ros_driver'...
[95.657s] Compiling '/home/alicechan/dai_ws/install/depthai_ros_driver/local/lib/python3.10/dist-packages/depthai_ros_driver/__init__.py'...
[95.660s] -- Installing: /home/alicechan/dai_ws/install/depthai_ros_driver/lib/depthai_ros_driver/obj_pub.py
[95.660s] -- Installing: /home/alicechan/dai_ws/install/depthai_ros_driver/lib/depthai_ros_driver/RX_OAK_sub_node.py
[95.660s] -- Installing: /home/alicechan/dai_ws/install/depthai_ros_driver/lib/depthai_ros_driver/RX_simplified.py
[95.661s] -- Installing: /home/alicechan/dai_ws/install/depthai_ros_driver/include
[95.661s] -- Installing: /home/alicechan/dai_ws/install/depthai_ros_driver/include/depthai_ros_driver
[95.661s] -- Installing: /home/alicechan/dai_ws/install/depthai_ros_driver/include/depthai_ros_driver/param_handlers
[95.661s] -- Installing: /home/alicechan/dai_ws/install/depthai_ros_driver/include/depthai_ros_driver/param_handlers/base_param_handler.hpp
[95.661s] -- Installing: /home/alicechan/dai_ws/install/depthai_ros_driver/include/depthai_ros_driver/param_handlers/stereo_param_handler.hpp
[95.661s] -- Installing: /home/alicechan/dai_ws/install/depthai_ros_driver/include/depthai_ros_driver/param_handlers/nn_param_handler.hpp
[95.661s] -- Installing: /home/alicechan/dai_ws/install/depthai_ros_driver/include/depthai_ros_driver/param_handlers/imu_param_handler.hpp
[95.661s] -- Installing: /home/alicechan/dai_ws/install/depthai_ros_driver/include/depthai_ros_driver/param_handlers/feature_tracker_param_handler.hpp
[95.661s] -- Installing: /home/alicechan/dai_ws/install/depthai_ros_driver/include/depthai_ros_driver/param_handlers/camera_param_handler.hpp
[95.661s] -- Installing: /home/alicechan/dai_ws/install/depthai_ros_driver/include/depthai_ros_driver/param_handlers/sensor_param_handler.hpp
[95.661s] -- Installing: /home/alicechan/dai_ws/install/depthai_ros_driver/include/depthai_ros_driver/utils.hpp
[95.661s] -- Installing: /home/alicechan/dai_ws/install/depthai_ros_driver/include/depthai_ros_driver/dai_nodes
[95.661s] -- Installing: /home/alicechan/dai_ws/install/depthai_ros_driver/include/depthai_ros_driver/dai_nodes/nn
[95.661s] -- Installing: /home/alicechan/dai_ws/install/depthai_ros_driver/include/depthai_ros_driver/dai_nodes/nn/nn_helpers.hpp
[95.662s] -- Installing: /home/alicechan/dai_ws/install/depthai_ros_driver/include/depthai_ros_driver/dai_nodes/nn/detection.hpp
[95.662s] -- Installing: /home/alicechan/dai_ws/install/depthai_ros_driver/include/depthai_ros_driver/dai_nodes/nn/nn_wrapper.hpp
[95.662s] -- Installing: /home/alicechan/dai_ws/install/depthai_ros_driver/include/depthai_ros_driver/dai_nodes/nn/spatial_nn_wrapper.hpp
[95.662s] -- Installing: /home/alicechan/dai_ws/install/depthai_ros_driver/include/depthai_ros_driver/dai_nodes/nn/segmentation.hpp
[95.662s] -- Installing: /home/alicechan/dai_ws/install/depthai_ros_driver/include/depthai_ros_driver/dai_nodes/nn/spatial_detection.hpp
[95.662s] -- Installing: /home/alicechan/dai_ws/install/depthai_ros_driver/include/depthai_ros_driver/dai_nodes/stereo.hpp
[95.662s] -- Installing: /home/alicechan/dai_ws/install/depthai_ros_driver/include/depthai_ros_driver/dai_nodes/base_node.hpp
[95.662s] -- Installing: /home/alicechan/dai_ws/install/depthai_ros_driver/include/depthai_ros_driver/dai_nodes/sensors
[95.662s] -- Installing: /home/alicechan/dai_ws/install/depthai_ros_driver/include/depthai_ros_driver/dai_nodes/sensors/feature_tracker.hpp
[95.662s] -- Installing: /home/alicechan/dai_ws/install/depthai_ros_driver/include/depthai_ros_driver/dai_nodes/sensors/sensor_wrapper.hpp
[95.662s] -- Installing: /home/alicechan/dai_ws/install/depthai_ros_driver/include/depthai_ros_driver/dai_nodes/sensors/sensor_helpers.hpp
[95.662s] -- Installing: /home/alicechan/dai_ws/install/depthai_ros_driver/include/depthai_ros_driver/dai_nodes/sensors/mono.hpp
[95.662s] -- Installing: /home/alicechan/dai_ws/install/depthai_ros_driver/include/depthai_ros_driver/dai_nodes/sensors/rgb.hpp
[95.662s] -- Installing: /home/alicechan/dai_ws/install/depthai_ros_driver/include/depthai_ros_driver/dai_nodes/sensors/imu.hpp
[95.662s] -- Installing: /home/alicechan/dai_ws/install/depthai_ros_driver/include/depthai_ros_driver/dai_nodes/sys_logger.hpp
[95.662s] -- Installing: /home/alicechan/dai_ws/install/depthai_ros_driver/include/depthai_ros_driver/pipeline
[95.663s] -- Installing: /home/alicechan/dai_ws/install/depthai_ros_driver/include/depthai_ros_driver/pipeline/base_types.hpp
[95.663s] -- Installing: /home/alicechan/dai_ws/install/depthai_ros_driver/include/depthai_ros_driver/pipeline/pipeline_generator.hpp
[95.663s] -- Installing: /home/alicechan/dai_ws/install/depthai_ros_driver/include/depthai_ros_driver/pipeline/base_pipeline.hpp
[95.663s] -- Installing: /home/alicechan/dai_ws/install/depthai_ros_driver/include/depthai_ros_driver/camera.hpp
[95.663s] -- Installing: /home/alicechan/dai_ws/install/depthai_ros_driver/share/ament_index/resource_index/package_run_dependencies/depthai_ros_driver
[95.663s] -- Installing: /home/alicechan/dai_ws/install/depthai_ros_driver/share/ament_index/resource_index/parent_prefix_path/depthai_ros_driver
[95.663s] -- Installing: /home/alicechan/dai_ws/install/depthai_ros_driver/share/depthai_ros_driver/environment/ament_prefix_path.sh
[95.663s] -- Installing: /home/alicechan/dai_ws/install/depthai_ros_driver/share/depthai_ros_driver/environment/ament_prefix_path.dsv
[95.663s] -- Installing: /home/alicechan/dai_ws/install/depthai_ros_driver/share/depthai_ros_driver/environment/path.sh
[95.663s] -- Installing: /home/alicechan/dai_ws/install/depthai_ros_driver/share/depthai_ros_driver/environment/path.dsv
[95.663s] -- Installing: /home/alicechan/dai_ws/install/depthai_ros_driver/share/depthai_ros_driver/local_setup.bash
[95.663s] -- Installing: /home/alicechan/dai_ws/install/depthai_ros_driver/share/depthai_ros_driver/local_setup.sh
[95.663s] -- Installing: /home/alicechan/dai_ws/install/depthai_ros_driver/share/depthai_ros_driver/local_setup.zsh
[95.663s] -- Installing: /home/alicechan/dai_ws/install/depthai_ros_driver/share/depthai_ros_driver/local_setup.dsv
[95.663s] -- Installing: /home/alicechan/dai_ws/install/depthai_ros_driver/share/depthai_ros_driver/package.dsv
[95.663s] -- Installing: /home/alicechan/dai_ws/install/depthai_ros_driver/share/ament_index/resource_index/packages/depthai_ros_driver
[95.663s] -- Installing: /home/alicechan/dai_ws/install/depthai_ros_driver/share/ament_index/resource_index/depthai_ros_driver__pluginlib__plugin/depthai_ros_driver
[95.664s] -- Installing: /home/alicechan/dai_ws/install/depthai_ros_driver/share/ament_index/resource_index/rclcpp_components/depthai_ros_driver
[95.664s] -- Installing: /home/alicechan/dai_ws/install/depthai_ros_driver/share/depthai_ros_driver/cmake/depthai_ros_driverTargetsExport.cmake
[95.664s] -- Installing: /home/alicechan/dai_ws/install/depthai_ros_driver/share/depthai_ros_driver/cmake/depthai_ros_driverTargetsExport-noconfig.cmake
[95.664s] -- Installing: /home/alicechan/dai_ws/install/depthai_ros_driver/share/depthai_ros_driver/cmake/ament_cmake_export_include_directories-extras.cmake
[95.664s] -- Installing: /home/alicechan/dai_ws/install/depthai_ros_driver/share/depthai_ros_driver/cmake/ament_cmake_export_targets-extras.cmake
[95.664s] -- Installing: /home/alicechan/dai_ws/install/depthai_ros_driver/share/depthai_ros_driver/cmake/ament_cmake_export_libraries-extras.cmake
[95.665s] -- Installing: /home/alicechan/dai_ws/install/depthai_ros_driver/share/depthai_ros_driver/cmake/ament_cmake_export_dependencies-extras.cmake
[95.665s] -- Installing: /home/alicechan/dai_ws/install/depthai_ros_driver/share/depthai_ros_driver/cmake/depthai_ros_driverConfig.cmake
[95.665s] -- Installing: /home/alicechan/dai_ws/install/depthai_ros_driver/share/depthai_ros_driver/cmake/depthai_ros_driverConfig-version.cmake
[95.665s] -- Installing: /home/alicechan/dai_ws/install/depthai_ros_driver/share/depthai_ros_driver/package.xml
[95.665s] Invoked command in '/home/alicechan/dai_ws/build/depthai_ros_driver' returned '0': AMENT_PREFIX_PATH=/home/alicechan/dai_ws/install/depthai_examples:/home/alicechan/dai_ws/install/depthai_bridge:/home/alicechan/dai_ws/install/depthai_ros_msgs:/home/alicechan/dai_ws/install/depthai_descriptions:${AMENT_PREFIX_PATH} CMAKE_PREFIX_PATH=/home/alicechan/dai_ws/install/depthai_examples:/home/alicechan/dai_ws/install/depthai_bridge:/home/alicechan/dai_ws/install/depthai_ros_msgs:/home/alicechan/dai_ws/install/depthai_descriptions:/home/alicechan/git/ros2_ws/install/my_py_pkg:/opt/ros/humble GAZEBO_MODEL_PATH=/home/alicechan/dai_ws/install/depthai_descriptions GAZEBO_RESOURCE_PATH=/home/alicechan/dai_ws/install/depthai_descriptions IGN_GAZEBO_MODEL_PATH=/home/alicechan/dai_ws/install/depthai_descriptions IGN_GAZEBO_RESOURCE_PATH=/home/alicechan/dai_ws/install/depthai_descriptions LD_LIBRARY_PATH=/home/alicechan/dai_ws/install/depthai_bridge/lib:/home/alicechan/dai_ws/install/depthai_ros_msgs/lib:${LD_LIBRARY_PATH} PYTHONPATH=/home/alicechan/dai_ws/install/depthai_ros_msgs/local/lib/python3.10/dist-packages:${PYTHONPATH} /usr/bin/cmake --install /home/alicechan/dai_ws/build/depthai_ros_driver
