[0.006s] Invoking command in '/home/alicechan/dai_ws/build/depthai_bridge': AMENT_PREFIX_PATH=/home/alicechan/dai_ws/install/depthai_ros_msgs:${AMENT_PREFIX_PATH} CMAKE_PREFIX_PATH=/home/alicechan/dai_ws/install/depthai_ros_msgs:/home/alicechan/git/ros2_ws/install/my_py_pkg:/opt/ros/humble LD_LIBRARY_PATH=/home/alicechan/dai_ws/install/depthai_ros_msgs/lib:${LD_LIBRARY_PATH} PYTHONPATH=/home/alicechan/dai_ws/install/depthai_ros_msgs/local/lib/python3.10/dist-packages:${PYTHONPATH} /usr/bin/cmake /home/alicechan/dai_ws/src/depthai-ros/depthai_bridge -DCMAKE_INSTALL_PREFIX=/home/alicechan/dai_ws/install/depthai_bridge
[0.056s] -- The CXX compiler identification is GNU 11.4.0
[0.091s] -- The C compiler identification is GNU 11.4.0
[0.096s] -- Detecting CXX compiler ABI info
[0.145s] -- Detecting CXX compiler ABI info - done
[0.149s] -- Check for working CXX compiler: /usr/bin/c++ - skipped
[0.149s] -- Detecting CXX compile features
[0.149s] -- Detecting CXX compile features - done
[0.151s] -- Detecting C compiler ABI info
[0.190s] -- Detecting C compiler ABI info - done
[0.194s] -- Check for working C compiler: /usr/bin/cc - skipped
[0.194s] -- Detecting C compile features
[0.195s] -- Detecting C compile features - done
[0.199s] -- ------------------------------------------
[0.199s] -- Depthai Bridge is being built using AMENT.
[0.199s] -- ------------------------------------------
[0.200s] -- Found camera_info_manager: 3.1.9 (/opt/ros/humble/share/camera_info_manager/cmake)
[0.292s] -- Found Python3: /usr/bin/python3 (found version "3.10.12") found components: Interpreter 
[0.388s] -- Found rosidl_generator_c: 3.1.5 (/opt/ros/humble/share/rosidl_generator_c/cmake)
[0.391s] -- Found rosidl_adapter: 3.1.5 (/opt/ros/humble/share/rosidl_adapter/cmake)
[0.396s] -- Found rosidl_generator_cpp: 3.1.5 (/opt/ros/humble/share/rosidl_generator_cpp/cmake)
[0.405s] -- Using all available rosidl_typesupport_c: rosidl_typesupport_fastrtps_c;rosidl_typesupport_introspection_c
[0.416s] -- Using all available rosidl_typesupport_cpp: rosidl_typesupport_fastrtps_cpp;rosidl_typesupport_introspection_cpp
[0.483s] -- Found rmw_implementation_cmake: 6.1.2 (/opt/ros/humble/share/rmw_implementation_cmake/cmake)
[0.487s] -- Found rmw_fastrtps_cpp: 6.2.6 (/opt/ros/humble/share/rmw_fastrtps_cpp/cmake)
[0.570s] -- Found OpenSSL: /usr/lib/x86_64-linux-gnu/libcrypto.so (found version "3.0.2")  
[0.591s] -- Found FastRTPS: /opt/ros/humble/include  
[0.628s] -- Using RMW implementation 'rmw_fastrtps_cpp' as default
[0.636s] -- Looking for pthread.h
[0.685s] -- Looking for pthread.h - found
[0.685s] -- Performing Test CMAKE_HAVE_LIBC_PTHREAD
[0.735s] -- Performing Test CMAKE_HAVE_LIBC_PTHREAD - Success
[0.735s] -- Found Threads: TRUE  
[0.988s] -- Found cv_bridge: 3.2.1 (/opt/ros/humble/share/cv_bridge/cmake)
[0.991s] -- Found depthai_ros_msgs: 2.9.0 (/home/alicechan/dai_ws/install/depthai_ros_msgs/share/depthai_ros_msgs/cmake)
[1.139s] -- Found image_transport: 3.1.9 (/opt/ros/humble/share/image_transport/cmake)
[1.169s] -- Found stereo_msgs: 4.2.4 (/opt/ros/humble/share/stereo_msgs/cmake)
[1.229s] -- Found tf2_ros: 0.25.7 (/opt/ros/humble/share/tf2_ros/cmake)
[1.457s] -- Found tf2_geometry_msgs: 0.25.7 (/opt/ros/humble/share/tf2_geometry_msgs/cmake)
[1.469s] -- Found eigen3_cmake_module: 0.1.1 (/opt/ros/humble/share/eigen3_cmake_module/cmake)
[1.470s] -- Found Eigen3: TRUE (found version "3.4.0") 
[1.470s] -- Ensuring Eigen3 include directory is part of orocos-kdl CMake target
[1.477s] -- --------------------------humble ---
[1.477s] -- humble
[1.519s] -- Configuring done
[1.530s] -- Generating done
[1.531s] -- Build files have been written to: /home/alicechan/dai_ws/build/depthai_bridge
[1.539s] Invoked command in '/home/alicechan/dai_ws/build/depthai_bridge' returned '0': AMENT_PREFIX_PATH=/home/alicechan/dai_ws/install/depthai_ros_msgs:${AMENT_PREFIX_PATH} CMAKE_PREFIX_PATH=/home/alicechan/dai_ws/install/depthai_ros_msgs:/home/alicechan/git/ros2_ws/install/my_py_pkg:/opt/ros/humble LD_LIBRARY_PATH=/home/alicechan/dai_ws/install/depthai_ros_msgs/lib:${LD_LIBRARY_PATH} PYTHONPATH=/home/alicechan/dai_ws/install/depthai_ros_msgs/local/lib/python3.10/dist-packages:${PYTHONPATH} /usr/bin/cmake /home/alicechan/dai_ws/src/depthai-ros/depthai_bridge -DCMAKE_INSTALL_PREFIX=/home/alicechan/dai_ws/install/depthai_bridge
[1.539s] Invoking command in '/home/alicechan/dai_ws/build/depthai_bridge': AMENT_PREFIX_PATH=/home/alicechan/dai_ws/install/depthai_ros_msgs:${AMENT_PREFIX_PATH} CMAKE_PREFIX_PATH=/home/alicechan/dai_ws/install/depthai_ros_msgs:/home/alicechan/git/ros2_ws/install/my_py_pkg:/opt/ros/humble LD_LIBRARY_PATH=/home/alicechan/dai_ws/install/depthai_ros_msgs/lib:${LD_LIBRARY_PATH} PYTHONPATH=/home/alicechan/dai_ws/install/depthai_ros_msgs/local/lib/python3.10/dist-packages:${PYTHONPATH} /usr/bin/cmake --build /home/alicechan/dai_ws/build/depthai_bridge
[1.570s] [ 10%] [32mBuilding CXX object CMakeFiles/depthai_bridge.dir/src/DisparityConverter.cpp.o[0m
[4.096s] [ 20%] [32mBuilding CXX object CMakeFiles/depthai_bridge.dir/src/ImageConverter.cpp.o[0m
[7.434s] [ 30%] [32mBuilding CXX object CMakeFiles/depthai_bridge.dir/src/ImgDetectionConverter.cpp.o[0m
[10.517s] [ 40%] [32mBuilding CXX object CMakeFiles/depthai_bridge.dir/src/ImuConverter.cpp.o[0m
[13.811s] [ 50%] [32mBuilding CXX object CMakeFiles/depthai_bridge.dir/src/SpatialDetectionConverter.cpp.o[0m
[17.154s] [ 60%] [32mBuilding CXX object CMakeFiles/depthai_bridge.dir/src/TFPublisher.cpp.o[0m
[22.302s] [ 70%] [32mBuilding CXX object CMakeFiles/depthai_bridge.dir/src/TrackDetectionConverter.cpp.o[0m
[29.530s] [ 80%] [32mBuilding CXX object CMakeFiles/depthai_bridge.dir/src/TrackSpatialDetectionConverter.cpp.o[0m
[37.451s] [ 90%] [32mBuilding CXX object CMakeFiles/depthai_bridge.dir/src/TrackedFeaturesConverter.cpp.o[0m
[40.014s] [100%] [32m[1mLinking CXX shared library libdepthai_bridge.so[0m
[40.310s] [100%] Built target depthai_bridge
[40.318s] Invoked command in '/home/alicechan/dai_ws/build/depthai_bridge' returned '0': AMENT_PREFIX_PATH=/home/alicechan/dai_ws/install/depthai_ros_msgs:${AMENT_PREFIX_PATH} CMAKE_PREFIX_PATH=/home/alicechan/dai_ws/install/depthai_ros_msgs:/home/alicechan/git/ros2_ws/install/my_py_pkg:/opt/ros/humble LD_LIBRARY_PATH=/home/alicechan/dai_ws/install/depthai_ros_msgs/lib:${LD_LIBRARY_PATH} PYTHONPATH=/home/alicechan/dai_ws/install/depthai_ros_msgs/local/lib/python3.10/dist-packages:${PYTHONPATH} /usr/bin/cmake --build /home/alicechan/dai_ws/build/depthai_bridge
[40.343s] Invoking command in '/home/alicechan/dai_ws/build/depthai_bridge': AMENT_PREFIX_PATH=/home/alicechan/dai_ws/install/depthai_ros_msgs:${AMENT_PREFIX_PATH} CMAKE_PREFIX_PATH=/home/alicechan/dai_ws/install/depthai_ros_msgs:/home/alicechan/git/ros2_ws/install/my_py_pkg:/opt/ros/humble LD_LIBRARY_PATH=/home/alicechan/dai_ws/install/depthai_ros_msgs/lib:${LD_LIBRARY_PATH} PYTHONPATH=/home/alicechan/dai_ws/install/depthai_ros_msgs/local/lib/python3.10/dist-packages:${PYTHONPATH} /usr/bin/cmake --install /home/alicechan/dai_ws/build/depthai_bridge
[40.348s] -- Install configuration: ""
[40.348s] -- Installing: /home/alicechan/dai_ws/install/depthai_bridge/share/depthai_bridge/environment/library_path.sh
[40.348s] -- Installing: /home/alicechan/dai_ws/install/depthai_bridge/share/depthai_bridge/environment/library_path.dsv
[40.348s] -- Installing: /home/alicechan/dai_ws/install/depthai_bridge/include/
[40.348s] -- Installing: /home/alicechan/dai_ws/install/depthai_bridge/include//depthai_bridge
[40.348s] -- Installing: /home/alicechan/dai_ws/install/depthai_bridge/include//depthai_bridge/DisparityConverter.hpp
[40.349s] -- Installing: /home/alicechan/dai_ws/install/depthai_bridge/include//depthai_bridge/TrackedFeaturesConverter.hpp
[40.349s] -- Installing: /home/alicechan/dai_ws/install/depthai_bridge/include//depthai_bridge/SpatialDetectionConverter.hpp
[40.349s] -- Installing: /home/alicechan/dai_ws/install/depthai_bridge/include//depthai_bridge/depthaiUtility.hpp
[40.349s] -- Installing: /home/alicechan/dai_ws/install/depthai_bridge/include//depthai_bridge/TFPublisher.hpp
[40.349s] -- Installing: /home/alicechan/dai_ws/install/depthai_bridge/include//depthai_bridge/ImgDetectionConverter.hpp
[40.349s] -- Installing: /home/alicechan/dai_ws/install/depthai_bridge/include//depthai_bridge/TrackSpatialDetectionConverter.hpp
[40.349s] -- Installing: /home/alicechan/dai_ws/install/depthai_bridge/include//depthai_bridge/ImuConverter.hpp
[40.349s] -- Installing: /home/alicechan/dai_ws/install/depthai_bridge/include//depthai_bridge/BridgePublisher.hpp
[40.349s] -- Installing: /home/alicechan/dai_ws/install/depthai_bridge/include//depthai_bridge/TrackDetectionConverter.hpp
[40.349s] -- Installing: /home/alicechan/dai_ws/install/depthai_bridge/include//depthai_bridge/ImageConverter.hpp
[40.350s] -- Installing: /home/alicechan/dai_ws/install/depthai_bridge/lib/libdepthai_bridge.so
[40.352s] -- Set runtime path of "/home/alicechan/dai_ws/install/depthai_bridge/lib/libdepthai_bridge.so" to ""
[40.352s] -- Installing: /home/alicechan/dai_ws/install/depthai_bridge/share/depthai_bridge/cmake/depthai_bridgeTargets.cmake
[40.352s] -- Installing: /home/alicechan/dai_ws/install/depthai_bridge/share/depthai_bridge/cmake/depthai_bridgeTargets-noconfig.cmake
[40.352s] -- Installing: /home/alicechan/dai_ws/install/depthai_bridge/share/depthai_bridge/rviz
[40.352s] -- Installing: /home/alicechan/dai_ws/install/depthai_bridge/share/depthai_bridge/rviz/pointCloud.rviz
[40.352s] -- Installing: /home/alicechan/dai_ws/install/depthai_bridge/share/ament_index/resource_index/package_run_dependencies/depthai_bridge
[40.353s] -- Installing: /home/alicechan/dai_ws/install/depthai_bridge/share/ament_index/resource_index/parent_prefix_path/depthai_bridge
[40.353s] -- Installing: /home/alicechan/dai_ws/install/depthai_bridge/share/depthai_bridge/environment/ament_prefix_path.sh
[40.353s] -- Installing: /home/alicechan/dai_ws/install/depthai_bridge/share/depthai_bridge/environment/ament_prefix_path.dsv
[40.353s] -- Installing: /home/alicechan/dai_ws/install/depthai_bridge/share/depthai_bridge/environment/path.sh
[40.353s] -- Installing: /home/alicechan/dai_ws/install/depthai_bridge/share/depthai_bridge/environment/path.dsv
[40.353s] -- Installing: /home/alicechan/dai_ws/install/depthai_bridge/share/depthai_bridge/local_setup.bash
[40.353s] -- Installing: /home/alicechan/dai_ws/install/depthai_bridge/share/depthai_bridge/local_setup.sh
[40.353s] -- Installing: /home/alicechan/dai_ws/install/depthai_bridge/share/depthai_bridge/local_setup.zsh
[40.353s] -- Installing: /home/alicechan/dai_ws/install/depthai_bridge/share/depthai_bridge/local_setup.dsv
[40.353s] -- Installing: /home/alicechan/dai_ws/install/depthai_bridge/share/depthai_bridge/package.dsv
[40.353s] -- Installing: /home/alicechan/dai_ws/install/depthai_bridge/share/ament_index/resource_index/packages/depthai_bridge
[40.353s] -- Installing: /home/alicechan/dai_ws/install/depthai_bridge/share/depthai_bridge/cmake/depthai_bridgeTargetsExport.cmake
[40.353s] -- Installing: /home/alicechan/dai_ws/install/depthai_bridge/share/depthai_bridge/cmake/depthai_bridgeTargetsExport-noconfig.cmake
[40.353s] -- Installing: /home/alicechan/dai_ws/install/depthai_bridge/share/depthai_bridge/cmake/ament_cmake_export_targets-extras.cmake
[40.353s] -- Installing: /home/alicechan/dai_ws/install/depthai_bridge/share/depthai_bridge/cmake/ament_cmake_export_include_directories-extras.cmake
[40.353s] -- Installing: /home/alicechan/dai_ws/install/depthai_bridge/share/depthai_bridge/cmake/ament_cmake_export_libraries-extras.cmake
[40.353s] -- Installing: /home/alicechan/dai_ws/install/depthai_bridge/share/depthai_bridge/cmake/ament_cmake_export_dependencies-extras.cmake
[40.353s] -- Installing: /home/alicechan/dai_ws/install/depthai_bridge/share/depthai_bridge/cmake/depthai_bridgeConfig.cmake
[40.353s] -- Installing: /home/alicechan/dai_ws/install/depthai_bridge/share/depthai_bridge/cmake/depthai_bridgeConfig-version.cmake
[40.353s] -- Installing: /home/alicechan/dai_ws/install/depthai_bridge/share/depthai_bridge/package.xml
[40.355s] Invoked command in '/home/alicechan/dai_ws/build/depthai_bridge' returned '0': AMENT_PREFIX_PATH=/home/alicechan/dai_ws/install/depthai_ros_msgs:${AMENT_PREFIX_PATH} CMAKE_PREFIX_PATH=/home/alicechan/dai_ws/install/depthai_ros_msgs:/home/alicechan/git/ros2_ws/install/my_py_pkg:/opt/ros/humble LD_LIBRARY_PATH=/home/alicechan/dai_ws/install/depthai_ros_msgs/lib:${LD_LIBRARY_PATH} PYTHONPATH=/home/alicechan/dai_ws/install/depthai_ros_msgs/local/lib/python3.10/dist-packages:${PYTHONPATH} /usr/bin/cmake --install /home/alicechan/dai_ws/build/depthai_bridge
