[0.011s] Invoking command in '/home/alicechan/dai_ws/build/depthai_examples': AMENT_PREFIX_PATH=/home/alicechan/dai_ws/install/depthai_bridge:/home/alicechan/dai_ws/install/depthai_ros_msgs:/home/alicechan/dai_ws/install/depthai_descriptions:${AMENT_PREFIX_PATH} CMAKE_PREFIX_PATH=/home/alicechan/dai_ws/install/depthai_bridge:/home/alicechan/dai_ws/install/depthai_ros_msgs:/home/alicechan/dai_ws/install/depthai_descriptions:/home/alicechan/git/ros2_ws/install/my_py_pkg:/opt/ros/humble GAZEBO_MODEL_PATH=/home/alicechan/dai_ws/install/depthai_descriptions GAZEBO_RESOURCE_PATH=/home/alicechan/dai_ws/install/depthai_descriptions IGN_GAZEBO_MODEL_PATH=/home/alicechan/dai_ws/install/depthai_descriptions IGN_GAZEBO_RESOURCE_PATH=/home/alicechan/dai_ws/install/depthai_descriptions LD_LIBRARY_PATH=/home/alicechan/dai_ws/install/depthai_bridge/lib:/home/alicechan/dai_ws/install/depthai_ros_msgs/lib:${LD_LIBRARY_PATH} PYTHONPATH=/home/alicechan/dai_ws/install/depthai_ros_msgs/local/lib/python3.10/dist-packages:${PYTHONPATH} /usr/bin/cmake --build /home/alicechan/dai_ws/build/depthai_examples
[0.049s] [35m[1mConsolidate compiler generated dependencies of target crop_control_service[0m
[0.063s] [ 10%] Built target crop_control_service
[0.074s] [35m[1mConsolidate compiler generated dependencies of target mobilenet_node[0m
[0.091s] [ 20%] Built target mobilenet_node
[0.099s] [35m[1mConsolidate compiler generated dependencies of target rgb_stereo_node[0m
[0.116s] [ 30%] Built target rgb_stereo_node
[0.126s] [35m[1mConsolidate compiler generated dependencies of target stereo_inertial_node[0m
[0.142s] [ 40%] Built target stereo_inertial_node
[0.152s] [35m[1mConsolidate compiler generated dependencies of target feature_tracker[0m
[0.167s] [ 50%] Built target feature_tracker
[0.176s] [35m[1mConsolidate compiler generated dependencies of target stereo_node[0m
[0.192s] [ 60%] Built target stereo_node
[0.201s] [35m[1mConsolidate compiler generated dependencies of target yolov4_spatial_node[0m
[0.214s] [ 70%] Built target yolov4_spatial_node
[0.224s] [35m[1mConsolidate compiler generated dependencies of target yolov4_node[0m
[0.240s] [ 80%] Built target yolov4_node
[0.250s] [35m[1mConsolidate compiler generated dependencies of target tracker_yolov4_node[0m
[0.265s] [ 90%] Built target tracker_yolov4_node
[0.275s] [35m[1mConsolidate compiler generated dependencies of target tracker_yolov4_spatial_node[0m
[0.290s] [100%] Built target tracker_yolov4_spatial_node
[0.299s] Invoked command in '/home/alicechan/dai_ws/build/depthai_examples' returned '0': AMENT_PREFIX_PATH=/home/alicechan/dai_ws/install/depthai_bridge:/home/alicechan/dai_ws/install/depthai_ros_msgs:/home/alicechan/dai_ws/install/depthai_descriptions:${AMENT_PREFIX_PATH} CMAKE_PREFIX_PATH=/home/alicechan/dai_ws/install/depthai_bridge:/home/alicechan/dai_ws/install/depthai_ros_msgs:/home/alicechan/dai_ws/install/depthai_descriptions:/home/alicechan/git/ros2_ws/install/my_py_pkg:/opt/ros/humble GAZEBO_MODEL_PATH=/home/alicechan/dai_ws/install/depthai_descriptions GAZEBO_RESOURCE_PATH=/home/alicechan/dai_ws/install/depthai_descriptions IGN_GAZEBO_MODEL_PATH=/home/alicechan/dai_ws/install/depthai_descriptions IGN_GAZEBO_RESOURCE_PATH=/home/alicechan/dai_ws/install/depthai_descriptions LD_LIBRARY_PATH=/home/alicechan/dai_ws/install/depthai_bridge/lib:/home/alicechan/dai_ws/install/depthai_ros_msgs/lib:${LD_LIBRARY_PATH} PYTHONPATH=/home/alicechan/dai_ws/install/depthai_ros_msgs/local/lib/python3.10/dist-packages:${PYTHONPATH} /usr/bin/cmake --build /home/alicechan/dai_ws/build/depthai_examples
[0.333s] Invoking command in '/home/alicechan/dai_ws/build/depthai_examples': AMENT_PREFIX_PATH=/home/alicechan/dai_ws/install/depthai_bridge:/home/alicechan/dai_ws/install/depthai_ros_msgs:/home/alicechan/dai_ws/install/depthai_descriptions:${AMENT_PREFIX_PATH} CMAKE_PREFIX_PATH=/home/alicechan/dai_ws/install/depthai_bridge:/home/alicechan/dai_ws/install/depthai_ros_msgs:/home/alicechan/dai_ws/install/depthai_descriptions:/home/alicechan/git/ros2_ws/install/my_py_pkg:/opt/ros/humble GAZEBO_MODEL_PATH=/home/alicechan/dai_ws/install/depthai_descriptions GAZEBO_RESOURCE_PATH=/home/alicechan/dai_ws/install/depthai_descriptions IGN_GAZEBO_MODEL_PATH=/home/alicechan/dai_ws/install/depthai_descriptions IGN_GAZEBO_RESOURCE_PATH=/home/alicechan/dai_ws/install/depthai_descriptions LD_LIBRARY_PATH=/home/alicechan/dai_ws/install/depthai_bridge/lib:/home/alicechan/dai_ws/install/depthai_ros_msgs/lib:${LD_LIBRARY_PATH} PYTHONPATH=/home/alicechan/dai_ws/install/depthai_ros_msgs/local/lib/python3.10/dist-packages:${PYTHONPATH} /usr/bin/cmake --install /home/alicechan/dai_ws/build/depthai_examples
[0.340s] -- Install configuration: ""
[0.340s] -- Up-to-date: /home/alicechan/dai_ws/install/depthai_examples/share/depthai_examples/params
[0.340s] -- Up-to-date: /home/alicechan/dai_ws/install/depthai_examples/share/depthai_examples/params/camera
[0.340s] -- Up-to-date: /home/alicechan/dai_ws/install/depthai_examples/share/depthai_examples/params/camera/color.yaml
[0.340s] -- Up-to-date: /home/alicechan/dai_ws/install/depthai_examples/share/depthai_examples/params/camera/right.yaml
[0.340s] -- Up-to-date: /home/alicechan/dai_ws/install/depthai_examples/share/depthai_examples/params/camera/left.yaml
[0.340s] -- Up-to-date: /home/alicechan/dai_ws/install/depthai_examples/share/depthai_examples/rviz
[0.340s] -- Up-to-date: /home/alicechan/dai_ws/install/depthai_examples/share/depthai_examples/rviz/stereo_config.rviz
[0.340s] -- Up-to-date: /home/alicechan/dai_ws/install/depthai_examples/share/depthai_examples/rviz/stereoInertialDepthAlign.rviz
[0.340s] -- Up-to-date: /home/alicechan/dai_ws/install/depthai_examples/share/depthai_examples/rviz/stereoPointCloud.rviz
[0.340s] -- Up-to-date: /home/alicechan/dai_ws/install/depthai_examples/share/depthai_examples/rviz/stereoInertial.rviz
[0.340s] -- Up-to-date: /home/alicechan/dai_ws/install/depthai_examples/share/depthai_examples/rviz/stereoInertialROS1.rviz
[0.340s] -- Up-to-date: /home/alicechan/dai_ws/install/depthai_examples/share/depthai_examples/rviz/stereo_nodelet.rviz
[0.340s] -- Up-to-date: /home/alicechan/dai_ws/install/depthai_examples/share/depthai_examples/rviz/rgb_camera.rviz
[0.340s] -- Up-to-date: /home/alicechan/dai_ws/install/depthai_examples/share/depthai_examples/rviz/stereoPointCloud_v1.rviz
[0.341s] -- Up-to-date: /home/alicechan/dai_ws/install/depthai_examples/share/depthai_examples/rviz/pointCloud.rviz
[0.341s] -- Up-to-date: /home/alicechan/dai_ws/install/depthai_examples/share/depthai_examples/rviz/stereoInertialDepthAlignROS2.rviz
[0.341s] -- Up-to-date: /home/alicechan/dai_ws/install/depthai_examples/share/depthai_examples/resources
[0.341s] -- Up-to-date: /home/alicechan/dai_ws/install/depthai_examples/share/depthai_examples/resources/mobilenet-ssd_openvino_2021.2_6shave.blob
[0.341s] -- Up-to-date: /home/alicechan/dai_ws/install/depthai_examples/share/depthai_examples/resources/yolov4_tiny_coco_416x416_openvino_2021.4_6shave_bgr.blob
[0.341s] -- Up-to-date: /home/alicechan/dai_ws/install/depthai_examples/share/depthai_examples/resources/deeplab_v3_plus_mnv2_decoder_256_openvino_2021.4.blob
[0.341s] -- Up-to-date: /home/alicechan/dai_ws/install/depthai_examples/share/depthai_examples/launch
[0.341s] -- Up-to-date: /home/alicechan/dai_ws/install/depthai_examples/share/depthai_examples/launch/tracker_yolov4_node.launch.py
[0.341s] -- Up-to-date: /home/alicechan/dai_ws/install/depthai_examples/share/depthai_examples/launch/rgb_stereo_node.launch.py
[0.341s] -- Up-to-date: /home/alicechan/dai_ws/install/depthai_examples/share/depthai_examples/launch/stereo_inertial_node.launch.py
[0.341s] -- Up-to-date: /home/alicechan/dai_ws/install/depthai_examples/share/depthai_examples/launch/stereo.launch.py
[0.341s] -- Up-to-date: /home/alicechan/dai_ws/install/depthai_examples/share/depthai_examples/launch/yolov4_publisher.launch.py
[0.341s] -- Up-to-date: /home/alicechan/dai_ws/install/depthai_examples/share/depthai_examples/launch/mobile_publisher.launch.py
[0.341s] -- Up-to-date: /home/alicechan/dai_ws/install/depthai_examples/share/depthai_examples/launch/tracker_yolov4_spatial_node.launch.py
[0.341s] -- Up-to-date: /home/alicechan/dai_ws/install/depthai_examples/lib/depthai_examples/crop_control_service
[0.341s] -- Up-to-date: /home/alicechan/dai_ws/install/depthai_examples/lib/depthai_examples/mobilenet_node
[0.341s] -- Up-to-date: /home/alicechan/dai_ws/install/depthai_examples/lib/depthai_examples/rgb_stereo_node
[0.341s] -- Up-to-date: /home/alicechan/dai_ws/install/depthai_examples/lib/depthai_examples/stereo_inertial_node
[0.341s] -- Up-to-date: /home/alicechan/dai_ws/install/depthai_examples/lib/depthai_examples/stereo_node
[0.341s] -- Up-to-date: /home/alicechan/dai_ws/install/depthai_examples/lib/depthai_examples/yolov4_spatial_node
[0.342s] -- Up-to-date: /home/alicechan/dai_ws/install/depthai_examples/lib/depthai_examples/yolov4_node
[0.342s] -- Up-to-date: /home/alicechan/dai_ws/install/depthai_examples/lib/depthai_examples/feature_tracker
[0.342s] -- Up-to-date: /home/alicechan/dai_ws/install/depthai_examples/lib/depthai_examples/tracker_yolov4_node
[0.342s] -- Up-to-date: /home/alicechan/dai_ws/install/depthai_examples/lib/depthai_examples/tracker_yolov4_spatial_node
[0.342s] -- Up-to-date: /home/alicechan/dai_ws/install/depthai_examples/share/ament_index/resource_index/package_run_dependencies/depthai_examples
[0.342s] -- Up-to-date: /home/alicechan/dai_ws/install/depthai_examples/share/ament_index/resource_index/parent_prefix_path/depthai_examples
[0.342s] -- Up-to-date: /home/alicechan/dai_ws/install/depthai_examples/share/depthai_examples/environment/ament_prefix_path.sh
[0.342s] -- Up-to-date: /home/alicechan/dai_ws/install/depthai_examples/share/depthai_examples/environment/ament_prefix_path.dsv
[0.342s] -- Up-to-date: /home/alicechan/dai_ws/install/depthai_examples/share/depthai_examples/environment/path.sh
[0.343s] -- Up-to-date: /home/alicechan/dai_ws/install/depthai_examples/share/depthai_examples/environment/path.dsv
[0.343s] -- Up-to-date: /home/alicechan/dai_ws/install/depthai_examples/share/depthai_examples/local_setup.bash
[0.343s] -- Up-to-date: /home/alicechan/dai_ws/install/depthai_examples/share/depthai_examples/local_setup.sh
[0.343s] -- Up-to-date: /home/alicechan/dai_ws/install/depthai_examples/share/depthai_examples/local_setup.zsh
[0.343s] -- Up-to-date: /home/alicechan/dai_ws/install/depthai_examples/share/depthai_examples/local_setup.dsv
[0.343s] -- Installing: /home/alicechan/dai_ws/install/depthai_examples/share/depthai_examples/package.dsv
[0.343s] -- Up-to-date: /home/alicechan/dai_ws/install/depthai_examples/share/ament_index/resource_index/packages/depthai_examples
[0.343s] -- Up-to-date: /home/alicechan/dai_ws/install/depthai_examples/share/depthai_examples/cmake/depthai_examplesConfig.cmake
[0.343s] -- Up-to-date: /home/alicechan/dai_ws/install/depthai_examples/share/depthai_examples/cmake/depthai_examplesConfig-version.cmake
[0.343s] -- Up-to-date: /home/alicechan/dai_ws/install/depthai_examples/share/depthai_examples/package.xml
[0.345s] Invoked command in '/home/alicechan/dai_ws/build/depthai_examples' returned '0': AMENT_PREFIX_PATH=/home/alicechan/dai_ws/install/depthai_bridge:/home/alicechan/dai_ws/install/depthai_ros_msgs:/home/alicechan/dai_ws/install/depthai_descriptions:${AMENT_PREFIX_PATH} CMAKE_PREFIX_PATH=/home/alicechan/dai_ws/install/depthai_bridge:/home/alicechan/dai_ws/install/depthai_ros_msgs:/home/alicechan/dai_ws/install/depthai_descriptions:/home/alicechan/git/ros2_ws/install/my_py_pkg:/opt/ros/humble GAZEBO_MODEL_PATH=/home/alicechan/dai_ws/install/depthai_descriptions GAZEBO_RESOURCE_PATH=/home/alicechan/dai_ws/install/depthai_descriptions IGN_GAZEBO_MODEL_PATH=/home/alicechan/dai_ws/install/depthai_descriptions IGN_GAZEBO_RESOURCE_PATH=/home/alicechan/dai_ws/install/depthai_descriptions LD_LIBRARY_PATH=/home/alicechan/dai_ws/install/depthai_bridge/lib:/home/alicechan/dai_ws/install/depthai_ros_msgs/lib:${LD_LIBRARY_PATH} PYTHONPATH=/home/alicechan/dai_ws/install/depthai_ros_msgs/local/lib/python3.10/dist-packages:${PYTHONPATH} /usr/bin/cmake --install /home/alicechan/dai_ws/build/depthai_examples
