[0.008s] Invoking command in '/home/alicechan/dai_ws/build/depthai_examples': AMENT_PREFIX_PATH=/home/alicechan/dai_ws/install/depthai_bridge:/home/alicechan/dai_ws/install/depthai_ros_msgs:/home/alicechan/dai_ws/install/depthai_descriptions:${AMENT_PREFIX_PATH} CMAKE_PREFIX_PATH=/home/alicechan/dai_ws/install/depthai_bridge:/home/alicechan/dai_ws/install/depthai_ros_msgs:/home/alicechan/dai_ws/install/depthai_descriptions:/home/alicechan/git/ros2_ws/install/my_py_pkg:/opt/ros/humble GAZEBO_MODEL_PATH=/home/alicechan/dai_ws/install/depthai_descriptions GAZEBO_RESOURCE_PATH=/home/alicechan/dai_ws/install/depthai_descriptions IGN_GAZEBO_MODEL_PATH=/home/alicechan/dai_ws/install/depthai_descriptions IGN_GAZEBO_RESOURCE_PATH=/home/alicechan/dai_ws/install/depthai_descriptions LD_LIBRARY_PATH=/home/alicechan/dai_ws/install/depthai_bridge/lib:/home/alicechan/dai_ws/install/depthai_ros_msgs/lib:${LD_LIBRARY_PATH} PYTHONPATH=/home/alicechan/dai_ws/install/depthai_ros_msgs/local/lib/python3.10/dist-packages:${PYTHONPATH} /usr/bin/cmake --build /home/alicechan/dai_ws/build/depthai_examples
[0.036s] [35m[1mConsolidate compiler generated dependencies of target crop_control_service[0m
[0.048s] [ 10%] Built target crop_control_service
[0.056s] [35m[1mConsolidate compiler generated dependencies of target mobilenet_node[0m
[0.069s] [ 20%] Built target mobilenet_node
[0.076s] [35m[1mConsolidate compiler generated dependencies of target rgb_stereo_node[0m
[0.090s] [ 25%] [32mBuilding CXX object CMakeFiles/rgb_stereo_node.dir/src/rgb_stereo_node.cpp.o[0m
[6.216s] [ 30%] [32m[1mLinking CXX executable rgb_stereo_node[0m
[6.628s] [ 30%] Built target rgb_stereo_node
[6.647s] [35m[1mConsolidate compiler generated dependencies of target stereo_inertial_node[0m
[6.663s] [ 35%] [32mBuilding CXX object CMakeFiles/stereo_inertial_node.dir/src/stereo_inertial_publisher.cpp.o[0m
[15.290s] [ 40%] [32m[1mLinking CXX executable stereo_inertial_node[0m
[15.770s] [ 40%] Built target stereo_inertial_node
[15.784s] [35m[1mConsolidate compiler generated dependencies of target feature_tracker[0m
[15.798s] [ 50%] Built target feature_tracker
[15.805s] [35m[1mConsolidate compiler generated dependencies of target stereo_node[0m
[15.817s] [ 60%] Built target stereo_node
[15.824s] [35m[1mConsolidate compiler generated dependencies of target yolov4_spatial_node[0m
[15.837s] [ 70%] Built target yolov4_spatial_node
[15.844s] [35m[1mConsolidate compiler generated dependencies of target yolov4_node[0m
[15.856s] [ 80%] Built target yolov4_node
[15.862s] [35m[1mConsolidate compiler generated dependencies of target tracker_yolov4_node[0m
[15.874s] [ 90%] Built target tracker_yolov4_node
[15.881s] [35m[1mConsolidate compiler generated dependencies of target tracker_yolov4_spatial_node[0m
[15.895s] [100%] Built target tracker_yolov4_spatial_node
[15.903s] Invoked command in '/home/alicechan/dai_ws/build/depthai_examples' returned '0': AMENT_PREFIX_PATH=/home/alicechan/dai_ws/install/depthai_bridge:/home/alicechan/dai_ws/install/depthai_ros_msgs:/home/alicechan/dai_ws/install/depthai_descriptions:${AMENT_PREFIX_PATH} CMAKE_PREFIX_PATH=/home/alicechan/dai_ws/install/depthai_bridge:/home/alicechan/dai_ws/install/depthai_ros_msgs:/home/alicechan/dai_ws/install/depthai_descriptions:/home/alicechan/git/ros2_ws/install/my_py_pkg:/opt/ros/humble GAZEBO_MODEL_PATH=/home/alicechan/dai_ws/install/depthai_descriptions GAZEBO_RESOURCE_PATH=/home/alicechan/dai_ws/install/depthai_descriptions IGN_GAZEBO_MODEL_PATH=/home/alicechan/dai_ws/install/depthai_descriptions IGN_GAZEBO_RESOURCE_PATH=/home/alicechan/dai_ws/install/depthai_descriptions LD_LIBRARY_PATH=/home/alicechan/dai_ws/install/depthai_bridge/lib:/home/alicechan/dai_ws/install/depthai_ros_msgs/lib:${LD_LIBRARY_PATH} PYTHONPATH=/home/alicechan/dai_ws/install/depthai_ros_msgs/local/lib/python3.10/dist-packages:${PYTHONPATH} /usr/bin/cmake --build /home/alicechan/dai_ws/build/depthai_examples
[15.945s] Invoking command in '/home/alicechan/dai_ws/build/depthai_examples': AMENT_PREFIX_PATH=/home/alicechan/dai_ws/install/depthai_bridge:/home/alicechan/dai_ws/install/depthai_ros_msgs:/home/alicechan/dai_ws/install/depthai_descriptions:${AMENT_PREFIX_PATH} CMAKE_PREFIX_PATH=/home/alicechan/dai_ws/install/depthai_bridge:/home/alicechan/dai_ws/install/depthai_ros_msgs:/home/alicechan/dai_ws/install/depthai_descriptions:/home/alicechan/git/ros2_ws/install/my_py_pkg:/opt/ros/humble GAZEBO_MODEL_PATH=/home/alicechan/dai_ws/install/depthai_descriptions GAZEBO_RESOURCE_PATH=/home/alicechan/dai_ws/install/depthai_descriptions IGN_GAZEBO_MODEL_PATH=/home/alicechan/dai_ws/install/depthai_descriptions IGN_GAZEBO_RESOURCE_PATH=/home/alicechan/dai_ws/install/depthai_descriptions LD_LIBRARY_PATH=/home/alicechan/dai_ws/install/depthai_bridge/lib:/home/alicechan/dai_ws/install/depthai_ros_msgs/lib:${LD_LIBRARY_PATH} PYTHONPATH=/home/alicechan/dai_ws/install/depthai_ros_msgs/local/lib/python3.10/dist-packages:${PYTHONPATH} /usr/bin/cmake --install /home/alicechan/dai_ws/build/depthai_examples
[15.951s] -- Install configuration: ""
[15.951s] -- Up-to-date: /home/alicechan/dai_ws/install/depthai_examples/share/depthai_examples/params
[15.951s] -- Up-to-date: /home/alicechan/dai_ws/install/depthai_examples/share/depthai_examples/params/camera
[15.951s] -- Up-to-date: /home/alicechan/dai_ws/install/depthai_examples/share/depthai_examples/params/camera/color.yaml
[15.951s] -- Up-to-date: /home/alicechan/dai_ws/install/depthai_examples/share/depthai_examples/params/camera/right.yaml
[15.951s] -- Up-to-date: /home/alicechan/dai_ws/install/depthai_examples/share/depthai_examples/params/camera/left.yaml
[15.951s] -- Up-to-date: /home/alicechan/dai_ws/install/depthai_examples/share/depthai_examples/rviz
[15.951s] -- Up-to-date: /home/alicechan/dai_ws/install/depthai_examples/share/depthai_examples/rviz/stereo_config.rviz
[15.951s] -- Up-to-date: /home/alicechan/dai_ws/install/depthai_examples/share/depthai_examples/rviz/stereoInertialDepthAlign.rviz
[15.951s] -- Up-to-date: /home/alicechan/dai_ws/install/depthai_examples/share/depthai_examples/rviz/stereoPointCloud.rviz
[15.951s] -- Up-to-date: /home/alicechan/dai_ws/install/depthai_examples/share/depthai_examples/rviz/stereoInertial.rviz
[15.951s] -- Up-to-date: /home/alicechan/dai_ws/install/depthai_examples/share/depthai_examples/rviz/stereoInertialROS1.rviz
[15.951s] -- Up-to-date: /home/alicechan/dai_ws/install/depthai_examples/share/depthai_examples/rviz/stereo_nodelet.rviz
[15.951s] -- Up-to-date: /home/alicechan/dai_ws/install/depthai_examples/share/depthai_examples/rviz/rgb_camera.rviz
[15.951s] -- Up-to-date: /home/alicechan/dai_ws/install/depthai_examples/share/depthai_examples/rviz/stereoPointCloud_v1.rviz
[15.951s] -- Up-to-date: /home/alicechan/dai_ws/install/depthai_examples/share/depthai_examples/rviz/pointCloud.rviz
[15.951s] -- Up-to-date: /home/alicechan/dai_ws/install/depthai_examples/share/depthai_examples/rviz/stereoInertialDepthAlignROS2.rviz
[15.951s] -- Up-to-date: /home/alicechan/dai_ws/install/depthai_examples/share/depthai_examples/resources
[15.951s] -- Up-to-date: /home/alicechan/dai_ws/install/depthai_examples/share/depthai_examples/resources/mobilenet-ssd_openvino_2021.2_6shave.blob
[15.951s] -- Up-to-date: /home/alicechan/dai_ws/install/depthai_examples/share/depthai_examples/resources/yolov4_tiny_coco_416x416_openvino_2021.4_6shave_bgr.blob
[15.951s] -- Up-to-date: /home/alicechan/dai_ws/install/depthai_examples/share/depthai_examples/resources/deeplab_v3_plus_mnv2_decoder_256_openvino_2021.4.blob
[15.951s] -- Up-to-date: /home/alicechan/dai_ws/install/depthai_examples/share/depthai_examples/launch
[15.951s] -- Up-to-date: /home/alicechan/dai_ws/install/depthai_examples/share/depthai_examples/launch/tracker_yolov4_node.launch.py
[15.951s] -- Up-to-date: /home/alicechan/dai_ws/install/depthai_examples/share/depthai_examples/launch/rgb_stereo_node.launch.py
[15.951s] -- Up-to-date: /home/alicechan/dai_ws/install/depthai_examples/share/depthai_examples/launch/stereo_inertial_node.launch.py
[15.952s] -- Up-to-date: /home/alicechan/dai_ws/install/depthai_examples/share/depthai_examples/launch/stereo.launch.py
[15.952s] -- Up-to-date: /home/alicechan/dai_ws/install/depthai_examples/share/depthai_examples/launch/yolov4_publisher.launch.py
[15.952s] -- Up-to-date: /home/alicechan/dai_ws/install/depthai_examples/share/depthai_examples/launch/mobile_publisher.launch.py
[15.952s] -- Up-to-date: /home/alicechan/dai_ws/install/depthai_examples/share/depthai_examples/launch/tracker_yolov4_spatial_node.launch.py
[15.952s] -- Up-to-date: /home/alicechan/dai_ws/install/depthai_examples/lib/depthai_examples/crop_control_service
[15.952s] -- Up-to-date: /home/alicechan/dai_ws/install/depthai_examples/lib/depthai_examples/mobilenet_node
[15.952s] -- Installing: /home/alicechan/dai_ws/install/depthai_examples/lib/depthai_examples/rgb_stereo_node
[15.956s] -- Set runtime path of "/home/alicechan/dai_ws/install/depthai_examples/lib/depthai_examples/rgb_stereo_node" to "/home/alicechan/dai_ws/install/depthai_bridge/lib:/opt/ros/humble/lib/x86_64-linux-gnu:/opt/ros/humble/lib:/home/alicechan/dai_ws/install/depthai_ros_msgs/lib"
[15.956s] -- Installing: /home/alicechan/dai_ws/install/depthai_examples/lib/depthai_examples/stereo_inertial_node
[15.962s] -- Set runtime path of "/home/alicechan/dai_ws/install/depthai_examples/lib/depthai_examples/stereo_inertial_node" to "/home/alicechan/dai_ws/install/depthai_bridge/lib:/opt/ros/humble/lib/x86_64-linux-gnu:/opt/ros/humble/lib:/home/alicechan/dai_ws/install/depthai_ros_msgs/lib"
[15.962s] -- Up-to-date: /home/alicechan/dai_ws/install/depthai_examples/lib/depthai_examples/stereo_node
[15.962s] -- Up-to-date: /home/alicechan/dai_ws/install/depthai_examples/lib/depthai_examples/yolov4_spatial_node
[15.962s] -- Up-to-date: /home/alicechan/dai_ws/install/depthai_examples/lib/depthai_examples/yolov4_node
[15.962s] -- Up-to-date: /home/alicechan/dai_ws/install/depthai_examples/lib/depthai_examples/feature_tracker
[15.962s] -- Up-to-date: /home/alicechan/dai_ws/install/depthai_examples/lib/depthai_examples/tracker_yolov4_node
[15.962s] -- Up-to-date: /home/alicechan/dai_ws/install/depthai_examples/lib/depthai_examples/tracker_yolov4_spatial_node
[15.962s] -- Up-to-date: /home/alicechan/dai_ws/install/depthai_examples/share/ament_index/resource_index/package_run_dependencies/depthai_examples
[15.962s] -- Up-to-date: /home/alicechan/dai_ws/install/depthai_examples/share/ament_index/resource_index/parent_prefix_path/depthai_examples
[15.963s] -- Up-to-date: /home/alicechan/dai_ws/install/depthai_examples/share/depthai_examples/environment/ament_prefix_path.sh
[15.963s] -- Up-to-date: /home/alicechan/dai_ws/install/depthai_examples/share/depthai_examples/environment/ament_prefix_path.dsv
[15.963s] -- Up-to-date: /home/alicechan/dai_ws/install/depthai_examples/share/depthai_examples/environment/path.sh
[15.963s] -- Up-to-date: /home/alicechan/dai_ws/install/depthai_examples/share/depthai_examples/environment/path.dsv
[15.963s] -- Up-to-date: /home/alicechan/dai_ws/install/depthai_examples/share/depthai_examples/local_setup.bash
[15.963s] -- Up-to-date: /home/alicechan/dai_ws/install/depthai_examples/share/depthai_examples/local_setup.sh
[15.963s] -- Up-to-date: /home/alicechan/dai_ws/install/depthai_examples/share/depthai_examples/local_setup.zsh
[15.963s] -- Up-to-date: /home/alicechan/dai_ws/install/depthai_examples/share/depthai_examples/local_setup.dsv
[15.963s] -- Installing: /home/alicechan/dai_ws/install/depthai_examples/share/depthai_examples/package.dsv
[15.963s] -- Up-to-date: /home/alicechan/dai_ws/install/depthai_examples/share/ament_index/resource_index/packages/depthai_examples
[15.963s] -- Up-to-date: /home/alicechan/dai_ws/install/depthai_examples/share/depthai_examples/cmake/depthai_examplesConfig.cmake
[15.963s] -- Up-to-date: /home/alicechan/dai_ws/install/depthai_examples/share/depthai_examples/cmake/depthai_examplesConfig-version.cmake
[15.963s] -- Up-to-date: /home/alicechan/dai_ws/install/depthai_examples/share/depthai_examples/package.xml
[15.964s] Invoked command in '/home/alicechan/dai_ws/build/depthai_examples' returned '0': AMENT_PREFIX_PATH=/home/alicechan/dai_ws/install/depthai_bridge:/home/alicechan/dai_ws/install/depthai_ros_msgs:/home/alicechan/dai_ws/install/depthai_descriptions:${AMENT_PREFIX_PATH} CMAKE_PREFIX_PATH=/home/alicechan/dai_ws/install/depthai_bridge:/home/alicechan/dai_ws/install/depthai_ros_msgs:/home/alicechan/dai_ws/install/depthai_descriptions:/home/alicechan/git/ros2_ws/install/my_py_pkg:/opt/ros/humble GAZEBO_MODEL_PATH=/home/alicechan/dai_ws/install/depthai_descriptions GAZEBO_RESOURCE_PATH=/home/alicechan/dai_ws/install/depthai_descriptions IGN_GAZEBO_MODEL_PATH=/home/alicechan/dai_ws/install/depthai_descriptions IGN_GAZEBO_RESOURCE_PATH=/home/alicechan/dai_ws/install/depthai_descriptions LD_LIBRARY_PATH=/home/alicechan/dai_ws/install/depthai_bridge/lib:/home/alicechan/dai_ws/install/depthai_ros_msgs/lib:${LD_LIBRARY_PATH} PYTHONPATH=/home/alicechan/dai_ws/install/depthai_ros_msgs/local/lib/python3.10/dist-packages:${PYTHONPATH} /usr/bin/cmake --install /home/alicechan/dai_ws/build/depthai_examples
