[0.009s] Invoking command in '/home/alicechan/dai_ws/build/depthai_ros_driver': AMENT_PREFIX_PATH=/home/alicechan/dai_ws/install/depthai_examples:/home/alicechan/dai_ws/install/depthai_bridge:/home/alicechan/dai_ws/install/depthai_ros_msgs:/home/alicechan/dai_ws/install/depthai_descriptions:${AMENT_PREFIX_PATH} CMAKE_PREFIX_PATH=/home/alicechan/dai_ws/install/depthai_examples:/home/alicechan/dai_ws/install/depthai_bridge:/home/alicechan/dai_ws/install/depthai_ros_msgs:/home/alicechan/dai_ws/install/depthai_descriptions:/home/alicechan/git/ros2_ws/install/my_py_pkg:/opt/ros/humble GAZEBO_MODEL_PATH=/home/alicechan/dai_ws/install/depthai_descriptions GAZEBO_RESOURCE_PATH=/home/alicechan/dai_ws/install/depthai_descriptions IGN_GAZEBO_MODEL_PATH=/home/alicechan/dai_ws/install/depthai_descriptions IGN_GAZEBO_RESOURCE_PATH=/home/alicechan/dai_ws/install/depthai_descriptions LD_LIBRARY_PATH=/home/alicechan/dai_ws/install/depthai_bridge/lib:/home/alicechan/dai_ws/install/depthai_ros_msgs/lib:${LD_LIBRARY_PATH} PYTHONPATH=/home/alicechan/dai_ws/install/depthai_ros_msgs/local/lib/python3.10/dist-packages:${PYTHONPATH} /usr/bin/cmake --build /home/alicechan/dai_ws/build/depthai_ros_driver
[0.045s] [35m[1mConsolidate compiler generated dependencies of target depthai_ros_driver_common[0m
[0.076s] [ 42%] Built target depthai_ros_driver_common
[0.086s] [35m[1mConsolidate compiler generated dependencies of target depthai_ros_driver_sensor_nodes[0m
[0.111s] [ 69%] Built target depthai_ros_driver_sensor_nodes
[0.120s] [35m[1mConsolidate compiler generated dependencies of target depthai_ros_driver_nn_nodes[0m
[0.138s] [ 84%] Built target depthai_ros_driver_nn_nodes
[0.148s] [35m[1mConsolidate compiler generated dependencies of target depthai_ros_driver[0m
[0.167s] [ 88%] [32mBuilding CXX object CMakeFiles/depthai_ros_driver.dir/src/camera.cpp.o[0m
[9.304s] [ 92%] [32m[1mLinking CXX shared library libdepthai_ros_driver.so[0m
[10.113s] [100%] Built target depthai_ros_driver
[10.145s] [100%] Built target ament_cmake_python_copy_depthai_ros_driver
[10.332s] running egg_info
[10.332s] writing depthai_ros_driver.egg-info/PKG-INFO
[10.333s] writing dependency_links to depthai_ros_driver.egg-info/dependency_links.txt
[10.333s] writing top-level names to depthai_ros_driver.egg-info/top_level.txt
[10.335s] reading manifest file 'depthai_ros_driver.egg-info/SOURCES.txt'
[10.335s] writing manifest file 'depthai_ros_driver.egg-info/SOURCES.txt'
[10.351s] [100%] Built target ament_cmake_python_build_depthai_ros_driver_egg
[10.359s] Invoked command in '/home/alicechan/dai_ws/build/depthai_ros_driver' returned '0': AMENT_PREFIX_PATH=/home/alicechan/dai_ws/install/depthai_examples:/home/alicechan/dai_ws/install/depthai_bridge:/home/alicechan/dai_ws/install/depthai_ros_msgs:/home/alicechan/dai_ws/install/depthai_descriptions:${AMENT_PREFIX_PATH} CMAKE_PREFIX_PATH=/home/alicechan/dai_ws/install/depthai_examples:/home/alicechan/dai_ws/install/depthai_bridge:/home/alicechan/dai_ws/install/depthai_ros_msgs:/home/alicechan/dai_ws/install/depthai_descriptions:/home/alicechan/git/ros2_ws/install/my_py_pkg:/opt/ros/humble GAZEBO_MODEL_PATH=/home/alicechan/dai_ws/install/depthai_descriptions GAZEBO_RESOURCE_PATH=/home/alicechan/dai_ws/install/depthai_descriptions IGN_GAZEBO_MODEL_PATH=/home/alicechan/dai_ws/install/depthai_descriptions IGN_GAZEBO_RESOURCE_PATH=/home/alicechan/dai_ws/install/depthai_descriptions LD_LIBRARY_PATH=/home/alicechan/dai_ws/install/depthai_bridge/lib:/home/alicechan/dai_ws/install/depthai_ros_msgs/lib:${LD_LIBRARY_PATH} PYTHONPATH=/home/alicechan/dai_ws/install/depthai_ros_msgs/local/lib/python3.10/dist-packages:${PYTHONPATH} /usr/bin/cmake --build /home/alicechan/dai_ws/build/depthai_ros_driver
[10.412s] Invoking command in '/home/alicechan/dai_ws/build/depthai_ros_driver': AMENT_PREFIX_PATH=/home/alicechan/dai_ws/install/depthai_examples:/home/alicechan/dai_ws/install/depthai_bridge:/home/alicechan/dai_ws/install/depthai_ros_msgs:/home/alicechan/dai_ws/install/depthai_descriptions:${AMENT_PREFIX_PATH} CMAKE_PREFIX_PATH=/home/alicechan/dai_ws/install/depthai_examples:/home/alicechan/dai_ws/install/depthai_bridge:/home/alicechan/dai_ws/install/depthai_ros_msgs:/home/alicechan/dai_ws/install/depthai_descriptions:/home/alicechan/git/ros2_ws/install/my_py_pkg:/opt/ros/humble GAZEBO_MODEL_PATH=/home/alicechan/dai_ws/install/depthai_descriptions GAZEBO_RESOURCE_PATH=/home/alicechan/dai_ws/install/depthai_descriptions IGN_GAZEBO_MODEL_PATH=/home/alicechan/dai_ws/install/depthai_descriptions IGN_GAZEBO_RESOURCE_PATH=/home/alicechan/dai_ws/install/depthai_descriptions LD_LIBRARY_PATH=/home/alicechan/dai_ws/install/depthai_bridge/lib:/home/alicechan/dai_ws/install/depthai_ros_msgs/lib:${LD_LIBRARY_PATH} PYTHONPATH=/home/alicechan/dai_ws/install/depthai_ros_msgs/local/lib/python3.10/dist-packages:${PYTHONPATH} /usr/bin/cmake --install /home/alicechan/dai_ws/build/depthai_ros_driver
[10.420s] -- Install configuration: ""
[10.420s] -- Up-to-date: /home/alicechan/dai_ws/install/depthai_ros_driver/share/depthai_ros_driver/plugins.xml
[10.420s] -- Up-to-date: /home/alicechan/dai_ws/install/depthai_ros_driver/share/depthai_ros_driver/environment/library_path.sh
[10.420s] -- Up-to-date: /home/alicechan/dai_ws/install/depthai_ros_driver/share/depthai_ros_driver/environment/library_path.dsv
[10.420s] -- Up-to-date: /home/alicechan/dai_ws/install/depthai_ros_driver/share/depthai_ros_driver/launch
[10.420s] -- Up-to-date: /home/alicechan/dai_ws/install/depthai_ros_driver/share/depthai_ros_driver/launch/example_marker_publish.launch.py
[10.421s] -- Up-to-date: /home/alicechan/dai_ws/install/depthai_ros_driver/share/depthai_ros_driver/launch/example_multicam.launch.py
[10.421s] -- Up-to-date: /home/alicechan/dai_ws/install/depthai_ros_driver/share/depthai_ros_driver/launch/camera_as_part_of_a_robot.launch.py
[10.421s] -- Up-to-date: /home/alicechan/dai_ws/install/depthai_ros_driver/share/depthai_ros_driver/launch/camera.launch.py
[10.421s] -- Up-to-date: /home/alicechan/dai_ws/install/depthai_ros_driver/share/depthai_ros_driver/launch/rtabmap.launch.py
[10.421s] -- Up-to-date: /home/alicechan/dai_ws/install/depthai_ros_driver/share/depthai_ros_driver/launch/sr_rgbd_pcl.launch.py
[10.421s] -- Up-to-date: /home/alicechan/dai_ws/install/depthai_ros_driver/share/depthai_ros_driver/launch/calibration.launch.py
[10.421s] -- Up-to-date: /home/alicechan/dai_ws/install/depthai_ros_driver/share/depthai_ros_driver/launch/example_segmentation.launch.py
[10.421s] -- Up-to-date: /home/alicechan/dai_ws/install/depthai_ros_driver/share/depthai_ros_driver/launch/pointcloud.launch.py
[10.421s] -- Up-to-date: /home/alicechan/dai_ws/install/depthai_ros_driver/share/depthai_ros_driver/launch/rgbd_pcl.launch.py
[10.421s] -- Up-to-date: /home/alicechan/dai_ws/install/depthai_ros_driver/share/depthai_ros_driver/launch/stereo_from_rosbag.launch.py
[10.421s] -- Up-to-date: /home/alicechan/dai_ws/install/depthai_ros_driver/share/depthai_ros_driver/config
[10.421s] -- Up-to-date: /home/alicechan/dai_ws/install/depthai_ros_driver/share/depthai_ros_driver/config/spatial_yolo.yaml
[10.422s] -- Up-to-date: /home/alicechan/dai_ws/install/depthai_ros_driver/share/depthai_ros_driver/config/isaac_vslam.yaml
[10.422s] -- Up-to-date: /home/alicechan/dai_ws/install/depthai_ros_driver/share/depthai_ros_driver/config/oak_d_sr.yaml
[10.422s] -- Up-to-date: /home/alicechan/dai_ws/install/depthai_ros_driver/share/depthai_ros_driver/config/rgbd.yaml
[10.422s] -- Up-to-date: /home/alicechan/dai_ws/install/depthai_ros_driver/share/depthai_ros_driver/config/nn
[10.422s] -- Up-to-date: /home/alicechan/dai_ws/install/depthai_ros_driver/share/depthai_ros_driver/config/nn/mobilenet.json
[10.422s] -- Up-to-date: /home/alicechan/dai_ws/install/depthai_ros_driver/share/depthai_ros_driver/config/nn/segmentation.json
[10.422s] -- Up-to-date: /home/alicechan/dai_ws/install/depthai_ros_driver/share/depthai_ros_driver/config/nn/yolo.json
[10.422s] -- Up-to-date: /home/alicechan/dai_ws/install/depthai_ros_driver/share/depthai_ros_driver/config/sr_rgbd.yaml
[10.422s] -- Up-to-date: /home/alicechan/dai_ws/install/depthai_ros_driver/share/depthai_ros_driver/config/calibration.yaml
[10.422s] -- Up-to-date: /home/alicechan/dai_ws/install/depthai_ros_driver/share/depthai_ros_driver/config/camera.yaml
[10.422s] -- Up-to-date: /home/alicechan/dai_ws/install/depthai_ros_driver/share/depthai_ros_driver/config/pcl.yaml
[10.422s] -- Up-to-date: /home/alicechan/dai_ws/install/depthai_ros_driver/share/depthai_ros_driver/config/oak_d_pro_w.yaml
[10.422s] -- Up-to-date: /home/alicechan/dai_ws/install/depthai_ros_driver/share/depthai_ros_driver/config/calibration
[10.422s] -- Up-to-date: /home/alicechan/dai_ws/install/depthai_ros_driver/share/depthai_ros_driver/config/calibration/right.yaml
[10.422s] -- Up-to-date: /home/alicechan/dai_ws/install/depthai_ros_driver/share/depthai_ros_driver/config/calibration/rgb.yaml
[10.422s] -- Up-to-date: /home/alicechan/dai_ws/install/depthai_ros_driver/share/depthai_ros_driver/config/calibration/left.yaml
[10.422s] -- Up-to-date: /home/alicechan/dai_ws/install/depthai_ros_driver/share/depthai_ros_driver/config/rviz
[10.422s] -- Up-to-date: /home/alicechan/dai_ws/install/depthai_ros_driver/share/depthai_ros_driver/config/rviz/rgbd.rviz
[10.422s] -- Up-to-date: /home/alicechan/dai_ws/install/depthai_ros_driver/share/depthai_ros_driver/config/rviz/segmentation.rviz
[10.422s] -- Up-to-date: /home/alicechan/dai_ws/install/depthai_ros_driver/share/depthai_ros_driver/config/rviz/multicam.rviz
[10.422s] -- Up-to-date: /home/alicechan/dai_ws/install/depthai_ros_driver/share/depthai_ros_driver/config/multicam_example.yaml
[10.422s] -- Up-to-date: /home/alicechan/dai_ws/install/depthai_ros_driver/share/depthai_ros_driver/config/segmentation.yaml
[10.422s] -- Up-to-date: /home/alicechan/dai_ws/install/depthai_ros_driver/share/depthai_ros_driver/config/stereo_from_rosbag.yaml
[10.422s] -- Up-to-date: /home/alicechan/dai_ws/install/depthai_ros_driver/share/depthai_ros_driver/config/low_bandwidth.yaml
[10.422s] -- Installing: /home/alicechan/dai_ws/install/depthai_ros_driver/lib/libdepthai_ros_driver.so
[10.431s] -- Set runtime path of "/home/alicechan/dai_ws/install/depthai_ros_driver/lib/libdepthai_ros_driver.so" to ""
[10.431s] -- Up-to-date: /home/alicechan/dai_ws/install/depthai_ros_driver/lib/libdepthai_ros_driver_sensor_nodes.so
[10.431s] -- Up-to-date: /home/alicechan/dai_ws/install/depthai_ros_driver/lib/libdepthai_ros_driver_nn_nodes.so
[10.431s] -- Up-to-date: /home/alicechan/dai_ws/install/depthai_ros_driver/lib/libdepthai_ros_driver_common.so
[10.431s] -- Up-to-date: /home/alicechan/dai_ws/install/depthai_ros_driver/share/depthai_ros_driver/cmake/depthai_ros_driverTargets.cmake
[10.431s] -- Up-to-date: /home/alicechan/dai_ws/install/depthai_ros_driver/share/depthai_ros_driver/cmake/depthai_ros_driverTargets-noconfig.cmake
[10.431s] -- Up-to-date: /home/alicechan/dai_ws/install/depthai_ros_driver/share/depthai_ros_driver/environment/pythonpath.sh
[10.431s] -- Up-to-date: /home/alicechan/dai_ws/install/depthai_ros_driver/share/depthai_ros_driver/environment/pythonpath.dsv
[10.431s] -- Up-to-date: /home/alicechan/dai_ws/install/depthai_ros_driver/local/lib/python3.10/dist-packages/depthai_ros_driver-2.9.0-py3.10.egg-info
[10.431s] -- Installing: /home/alicechan/dai_ws/install/depthai_ros_driver/local/lib/python3.10/dist-packages/depthai_ros_driver-2.9.0-py3.10.egg-info/top_level.txt
[10.431s] -- Installing: /home/alicechan/dai_ws/install/depthai_ros_driver/local/lib/python3.10/dist-packages/depthai_ros_driver-2.9.0-py3.10.egg-info/dependency_links.txt
[10.432s] -- Installing: /home/alicechan/dai_ws/install/depthai_ros_driver/local/lib/python3.10/dist-packages/depthai_ros_driver-2.9.0-py3.10.egg-info/PKG-INFO
[10.432s] -- Installing: /home/alicechan/dai_ws/install/depthai_ros_driver/local/lib/python3.10/dist-packages/depthai_ros_driver-2.9.0-py3.10.egg-info/SOURCES.txt
[10.432s] -- Up-to-date: /home/alicechan/dai_ws/install/depthai_ros_driver/local/lib/python3.10/dist-packages/depthai_ros_driver
[10.432s] -- Up-to-date: /home/alicechan/dai_ws/install/depthai_ros_driver/local/lib/python3.10/dist-packages/depthai_ros_driver/__init__.py
[10.452s] Listing '/home/alicechan/dai_ws/install/depthai_ros_driver/local/lib/python3.10/dist-packages/depthai_ros_driver'...
[10.456s] -- Up-to-date: /home/alicechan/dai_ws/install/depthai_ros_driver/lib/depthai_ros_driver/obj_pub.py
[10.456s] -- Up-to-date: /home/alicechan/dai_ws/install/depthai_ros_driver/include
[10.456s] -- Up-to-date: /home/alicechan/dai_ws/install/depthai_ros_driver/include/depthai_ros_driver
[10.456s] -- Up-to-date: /home/alicechan/dai_ws/install/depthai_ros_driver/include/depthai_ros_driver/param_handlers
[10.456s] -- Up-to-date: /home/alicechan/dai_ws/install/depthai_ros_driver/include/depthai_ros_driver/param_handlers/base_param_handler.hpp
[10.456s] -- Up-to-date: /home/alicechan/dai_ws/install/depthai_ros_driver/include/depthai_ros_driver/param_handlers/stereo_param_handler.hpp
[10.456s] -- Up-to-date: /home/alicechan/dai_ws/install/depthai_ros_driver/include/depthai_ros_driver/param_handlers/nn_param_handler.hpp
[10.456s] -- Up-to-date: /home/alicechan/dai_ws/install/depthai_ros_driver/include/depthai_ros_driver/param_handlers/imu_param_handler.hpp
[10.456s] -- Up-to-date: /home/alicechan/dai_ws/install/depthai_ros_driver/include/depthai_ros_driver/param_handlers/feature_tracker_param_handler.hpp
[10.456s] -- Up-to-date: /home/alicechan/dai_ws/install/depthai_ros_driver/include/depthai_ros_driver/param_handlers/camera_param_handler.hpp
[10.456s] -- Up-to-date: /home/alicechan/dai_ws/install/depthai_ros_driver/include/depthai_ros_driver/param_handlers/sensor_param_handler.hpp
[10.456s] -- Up-to-date: /home/alicechan/dai_ws/install/depthai_ros_driver/include/depthai_ros_driver/utils.hpp
[10.456s] -- Up-to-date: /home/alicechan/dai_ws/install/depthai_ros_driver/include/depthai_ros_driver/dai_nodes
[10.456s] -- Up-to-date: /home/alicechan/dai_ws/install/depthai_ros_driver/include/depthai_ros_driver/dai_nodes/nn
[10.456s] -- Up-to-date: /home/alicechan/dai_ws/install/depthai_ros_driver/include/depthai_ros_driver/dai_nodes/nn/nn_helpers.hpp
[10.456s] -- Up-to-date: /home/alicechan/dai_ws/install/depthai_ros_driver/include/depthai_ros_driver/dai_nodes/nn/detection.hpp
[10.456s] -- Up-to-date: /home/alicechan/dai_ws/install/depthai_ros_driver/include/depthai_ros_driver/dai_nodes/nn/nn_wrapper.hpp
[10.456s] -- Up-to-date: /home/alicechan/dai_ws/install/depthai_ros_driver/include/depthai_ros_driver/dai_nodes/nn/spatial_nn_wrapper.hpp
[10.456s] -- Up-to-date: /home/alicechan/dai_ws/install/depthai_ros_driver/include/depthai_ros_driver/dai_nodes/nn/segmentation.hpp
[10.456s] -- Up-to-date: /home/alicechan/dai_ws/install/depthai_ros_driver/include/depthai_ros_driver/dai_nodes/nn/spatial_detection.hpp
[10.457s] -- Up-to-date: /home/alicechan/dai_ws/install/depthai_ros_driver/include/depthai_ros_driver/dai_nodes/stereo.hpp
[10.457s] -- Up-to-date: /home/alicechan/dai_ws/install/depthai_ros_driver/include/depthai_ros_driver/dai_nodes/base_node.hpp
[10.457s] -- Up-to-date: /home/alicechan/dai_ws/install/depthai_ros_driver/include/depthai_ros_driver/dai_nodes/sensors
[10.457s] -- Up-to-date: /home/alicechan/dai_ws/install/depthai_ros_driver/include/depthai_ros_driver/dai_nodes/sensors/feature_tracker.hpp
[10.457s] -- Up-to-date: /home/alicechan/dai_ws/install/depthai_ros_driver/include/depthai_ros_driver/dai_nodes/sensors/sensor_wrapper.hpp
[10.457s] -- Up-to-date: /home/alicechan/dai_ws/install/depthai_ros_driver/include/depthai_ros_driver/dai_nodes/sensors/sensor_helpers.hpp
[10.457s] -- Up-to-date: /home/alicechan/dai_ws/install/depthai_ros_driver/include/depthai_ros_driver/dai_nodes/sensors/mono.hpp
[10.457s] -- Up-to-date: /home/alicechan/dai_ws/install/depthai_ros_driver/include/depthai_ros_driver/dai_nodes/sensors/rgb.hpp
[10.457s] -- Up-to-date: /home/alicechan/dai_ws/install/depthai_ros_driver/include/depthai_ros_driver/dai_nodes/sensors/imu.hpp
[10.457s] -- Up-to-date: /home/alicechan/dai_ws/install/depthai_ros_driver/include/depthai_ros_driver/dai_nodes/sys_logger.hpp
[10.457s] -- Up-to-date: /home/alicechan/dai_ws/install/depthai_ros_driver/include/depthai_ros_driver/pipeline
[10.457s] -- Up-to-date: /home/alicechan/dai_ws/install/depthai_ros_driver/include/depthai_ros_driver/pipeline/base_types.hpp
[10.457s] -- Up-to-date: /home/alicechan/dai_ws/install/depthai_ros_driver/include/depthai_ros_driver/pipeline/pipeline_generator.hpp
[10.457s] -- Up-to-date: /home/alicechan/dai_ws/install/depthai_ros_driver/include/depthai_ros_driver/pipeline/base_pipeline.hpp
[10.457s] -- Up-to-date: /home/alicechan/dai_ws/install/depthai_ros_driver/include/depthai_ros_driver/camera.hpp
[10.457s] -- Up-to-date: /home/alicechan/dai_ws/install/depthai_ros_driver/share/ament_index/resource_index/package_run_dependencies/depthai_ros_driver
[10.457s] -- Up-to-date: /home/alicechan/dai_ws/install/depthai_ros_driver/share/ament_index/resource_index/parent_prefix_path/depthai_ros_driver
[10.457s] -- Up-to-date: /home/alicechan/dai_ws/install/depthai_ros_driver/share/depthai_ros_driver/environment/ament_prefix_path.sh
[10.457s] -- Up-to-date: /home/alicechan/dai_ws/install/depthai_ros_driver/share/depthai_ros_driver/environment/ament_prefix_path.dsv
[10.457s] -- Up-to-date: /home/alicechan/dai_ws/install/depthai_ros_driver/share/depthai_ros_driver/environment/path.sh
[10.457s] -- Up-to-date: /home/alicechan/dai_ws/install/depthai_ros_driver/share/depthai_ros_driver/environment/path.dsv
[10.457s] -- Up-to-date: /home/alicechan/dai_ws/install/depthai_ros_driver/share/depthai_ros_driver/local_setup.bash
[10.457s] -- Up-to-date: /home/alicechan/dai_ws/install/depthai_ros_driver/share/depthai_ros_driver/local_setup.sh
[10.457s] -- Up-to-date: /home/alicechan/dai_ws/install/depthai_ros_driver/share/depthai_ros_driver/local_setup.zsh
[10.457s] -- Up-to-date: /home/alicechan/dai_ws/install/depthai_ros_driver/share/depthai_ros_driver/local_setup.dsv
[10.457s] -- Installing: /home/alicechan/dai_ws/install/depthai_ros_driver/share/depthai_ros_driver/package.dsv
[10.457s] -- Up-to-date: /home/alicechan/dai_ws/install/depthai_ros_driver/share/ament_index/resource_index/packages/depthai_ros_driver
[10.457s] -- Up-to-date: /home/alicechan/dai_ws/install/depthai_ros_driver/share/ament_index/resource_index/depthai_ros_driver__pluginlib__plugin/depthai_ros_driver
[10.457s] -- Up-to-date: /home/alicechan/dai_ws/install/depthai_ros_driver/share/ament_index/resource_index/rclcpp_components/depthai_ros_driver
[10.457s] -- Up-to-date: /home/alicechan/dai_ws/install/depthai_ros_driver/share/depthai_ros_driver/cmake/depthai_ros_driverTargetsExport.cmake
[10.457s] -- Up-to-date: /home/alicechan/dai_ws/install/depthai_ros_driver/share/depthai_ros_driver/cmake/depthai_ros_driverTargetsExport-noconfig.cmake
[10.457s] -- Up-to-date: /home/alicechan/dai_ws/install/depthai_ros_driver/share/depthai_ros_driver/cmake/ament_cmake_export_include_directories-extras.cmake
[10.458s] -- Up-to-date: /home/alicechan/dai_ws/install/depthai_ros_driver/share/depthai_ros_driver/cmake/ament_cmake_export_targets-extras.cmake
[10.458s] -- Up-to-date: /home/alicechan/dai_ws/install/depthai_ros_driver/share/depthai_ros_driver/cmake/ament_cmake_export_libraries-extras.cmake
[10.458s] -- Up-to-date: /home/alicechan/dai_ws/install/depthai_ros_driver/share/depthai_ros_driver/cmake/ament_cmake_export_dependencies-extras.cmake
[10.458s] -- Up-to-date: /home/alicechan/dai_ws/install/depthai_ros_driver/share/depthai_ros_driver/cmake/depthai_ros_driverConfig.cmake
[10.458s] -- Up-to-date: /home/alicechan/dai_ws/install/depthai_ros_driver/share/depthai_ros_driver/cmake/depthai_ros_driverConfig-version.cmake
[10.458s] -- Up-to-date: /home/alicechan/dai_ws/install/depthai_ros_driver/share/depthai_ros_driver/package.xml
[10.458s] Invoked command in '/home/alicechan/dai_ws/build/depthai_ros_driver' returned '0': AMENT_PREFIX_PATH=/home/alicechan/dai_ws/install/depthai_examples:/home/alicechan/dai_ws/install/depthai_bridge:/home/alicechan/dai_ws/install/depthai_ros_msgs:/home/alicechan/dai_ws/install/depthai_descriptions:${AMENT_PREFIX_PATH} CMAKE_PREFIX_PATH=/home/alicechan/dai_ws/install/depthai_examples:/home/alicechan/dai_ws/install/depthai_bridge:/home/alicechan/dai_ws/install/depthai_ros_msgs:/home/alicechan/dai_ws/install/depthai_descriptions:/home/alicechan/git/ros2_ws/install/my_py_pkg:/opt/ros/humble GAZEBO_MODEL_PATH=/home/alicechan/dai_ws/install/depthai_descriptions GAZEBO_RESOURCE_PATH=/home/alicechan/dai_ws/install/depthai_descriptions IGN_GAZEBO_MODEL_PATH=/home/alicechan/dai_ws/install/depthai_descriptions IGN_GAZEBO_RESOURCE_PATH=/home/alicechan/dai_ws/install/depthai_descriptions LD_LIBRARY_PATH=/home/alicechan/dai_ws/install/depthai_bridge/lib:/home/alicechan/dai_ws/install/depthai_ros_msgs/lib:${LD_LIBRARY_PATH} PYTHONPATH=/home/alicechan/dai_ws/install/depthai_ros_msgs/local/lib/python3.10/dist-packages:${PYTHONPATH} /usr/bin/cmake --install /home/alicechan/dai_ws/build/depthai_ros_driver
