[0.008s] Invoking command in '/home/alicechan/dai_ws/build/depthai_ros_driver': AMENT_PREFIX_PATH=/home/alicechan/dai_ws/install/depthai_examples:/home/alicechan/dai_ws/install/depthai_bridge:/home/alicechan/dai_ws/install/depthai_ros_msgs:/home/alicechan/dai_ws/install/depthai_descriptions:${AMENT_PREFIX_PATH} CMAKE_PREFIX_PATH=/home/alicechan/dai_ws/install/depthai_examples:/home/alicechan/dai_ws/install/depthai_bridge:/home/alicechan/dai_ws/install/depthai_ros_msgs:/home/alicechan/dai_ws/install/depthai_descriptions:/home/alicechan/git/ros2_ws/install/my_py_pkg:/opt/ros/humble GAZEBO_MODEL_PATH=/home/alicechan/dai_ws/install/depthai_descriptions GAZEBO_RESOURCE_PATH=/home/alicechan/dai_ws/install/depthai_descriptions IGN_GAZEBO_MODEL_PATH=/home/alicechan/dai_ws/install/depthai_descriptions IGN_GAZEBO_RESOURCE_PATH=/home/alicechan/dai_ws/install/depthai_descriptions LD_LIBRARY_PATH=/home/alicechan/dai_ws/install/depthai_bridge/lib:/home/alicechan/dai_ws/install/depthai_ros_msgs/lib:${LD_LIBRARY_PATH} PYTHONPATH=/home/alicechan/dai_ws/install/depthai_ros_msgs/local/lib/python3.10/dist-packages:${PYTHONPATH} /usr/bin/cmake --build /home/alicechan/dai_ws/build/depthai_ros_driver
[0.040s] [35m[1mConsolidate compiler generated dependencies of target depthai_ros_driver_common[0m
[0.064s] [ 42%] Built target depthai_ros_driver_common
[0.074s] [35m[1mConsolidate compiler generated dependencies of target depthai_ros_driver_sensor_nodes[0m
[0.094s] [ 69%] Built target depthai_ros_driver_sensor_nodes
[0.103s] [35m[1mConsolidate compiler generated dependencies of target depthai_ros_driver_nn_nodes[0m
[0.118s] [ 84%] Built target depthai_ros_driver_nn_nodes
[0.126s] [35m[1mConsolidate compiler generated dependencies of target depthai_ros_driver[0m
[0.143s] [100%] Built target depthai_ros_driver
[0.159s] [100%] Built target ament_cmake_python_copy_depthai_ros_driver
[0.346s] running egg_info
[0.346s] writing depthai_ros_driver.egg-info/PKG-INFO
[0.346s] writing dependency_links to depthai_ros_driver.egg-info/dependency_links.txt
[0.346s] writing top-level names to depthai_ros_driver.egg-info/top_level.txt
[0.351s] reading manifest file 'depthai_ros_driver.egg-info/SOURCES.txt'
[0.351s] writing manifest file 'depthai_ros_driver.egg-info/SOURCES.txt'
[0.368s] [100%] Built target ament_cmake_python_build_depthai_ros_driver_egg
[0.375s] Invoked command in '/home/alicechan/dai_ws/build/depthai_ros_driver' returned '0': AMENT_PREFIX_PATH=/home/alicechan/dai_ws/install/depthai_examples:/home/alicechan/dai_ws/install/depthai_bridge:/home/alicechan/dai_ws/install/depthai_ros_msgs:/home/alicechan/dai_ws/install/depthai_descriptions:${AMENT_PREFIX_PATH} CMAKE_PREFIX_PATH=/home/alicechan/dai_ws/install/depthai_examples:/home/alicechan/dai_ws/install/depthai_bridge:/home/alicechan/dai_ws/install/depthai_ros_msgs:/home/alicechan/dai_ws/install/depthai_descriptions:/home/alicechan/git/ros2_ws/install/my_py_pkg:/opt/ros/humble GAZEBO_MODEL_PATH=/home/alicechan/dai_ws/install/depthai_descriptions GAZEBO_RESOURCE_PATH=/home/alicechan/dai_ws/install/depthai_descriptions IGN_GAZEBO_MODEL_PATH=/home/alicechan/dai_ws/install/depthai_descriptions IGN_GAZEBO_RESOURCE_PATH=/home/alicechan/dai_ws/install/depthai_descriptions LD_LIBRARY_PATH=/home/alicechan/dai_ws/install/depthai_bridge/lib:/home/alicechan/dai_ws/install/depthai_ros_msgs/lib:${LD_LIBRARY_PATH} PYTHONPATH=/home/alicechan/dai_ws/install/depthai_ros_msgs/local/lib/python3.10/dist-packages:${PYTHONPATH} /usr/bin/cmake --build /home/alicechan/dai_ws/build/depthai_ros_driver
[0.420s] Invoking command in '/home/alicechan/dai_ws/build/depthai_ros_driver': AMENT_PREFIX_PATH=/home/alicechan/dai_ws/install/depthai_examples:/home/alicechan/dai_ws/install/depthai_bridge:/home/alicechan/dai_ws/install/depthai_ros_msgs:/home/alicechan/dai_ws/install/depthai_descriptions:${AMENT_PREFIX_PATH} CMAKE_PREFIX_PATH=/home/alicechan/dai_ws/install/depthai_examples:/home/alicechan/dai_ws/install/depthai_bridge:/home/alicechan/dai_ws/install/depthai_ros_msgs:/home/alicechan/dai_ws/install/depthai_descriptions:/home/alicechan/git/ros2_ws/install/my_py_pkg:/opt/ros/humble GAZEBO_MODEL_PATH=/home/alicechan/dai_ws/install/depthai_descriptions GAZEBO_RESOURCE_PATH=/home/alicechan/dai_ws/install/depthai_descriptions IGN_GAZEBO_MODEL_PATH=/home/alicechan/dai_ws/install/depthai_descriptions IGN_GAZEBO_RESOURCE_PATH=/home/alicechan/dai_ws/install/depthai_descriptions LD_LIBRARY_PATH=/home/alicechan/dai_ws/install/depthai_bridge/lib:/home/alicechan/dai_ws/install/depthai_ros_msgs/lib:${LD_LIBRARY_PATH} PYTHONPATH=/home/alicechan/dai_ws/install/depthai_ros_msgs/local/lib/python3.10/dist-packages:${PYTHONPATH} /usr/bin/cmake --install /home/alicechan/dai_ws/build/depthai_ros_driver
[0.427s] -- Install configuration: ""
[0.427s] -- Up-to-date: /home/alicechan/dai_ws/install/depthai_ros_driver/share/depthai_ros_driver/plugins.xml
[0.427s] -- Up-to-date: /home/alicechan/dai_ws/install/depthai_ros_driver/share/depthai_ros_driver/environment/library_path.sh
[0.427s] -- Up-to-date: /home/alicechan/dai_ws/install/depthai_ros_driver/share/depthai_ros_driver/environment/library_path.dsv
[0.427s] -- Up-to-date: /home/alicechan/dai_ws/install/depthai_ros_driver/share/depthai_ros_driver/launch
[0.427s] -- Up-to-date: /home/alicechan/dai_ws/install/depthai_ros_driver/share/depthai_ros_driver/launch/example_marker_publish.launch.py
[0.427s] -- Up-to-date: /home/alicechan/dai_ws/install/depthai_ros_driver/share/depthai_ros_driver/launch/example_multicam.launch.py
[0.427s] -- Up-to-date: /home/alicechan/dai_ws/install/depthai_ros_driver/share/depthai_ros_driver/launch/RX_OAK_integ.launch.py
[0.427s] -- Up-to-date: /home/alicechan/dai_ws/install/depthai_ros_driver/share/depthai_ros_driver/launch/camera_as_part_of_a_robot.launch.py
[0.427s] -- Up-to-date: /home/alicechan/dai_ws/install/depthai_ros_driver/share/depthai_ros_driver/launch/camera.launch.py
[0.427s] -- Up-to-date: /home/alicechan/dai_ws/install/depthai_ros_driver/share/depthai_ros_driver/launch/rtabmap.launch.py
[0.427s] -- Up-to-date: /home/alicechan/dai_ws/install/depthai_ros_driver/share/depthai_ros_driver/launch/sr_rgbd_pcl.launch.py
[0.427s] -- Up-to-date: /home/alicechan/dai_ws/install/depthai_ros_driver/share/depthai_ros_driver/launch/calibration.launch.py
[0.427s] -- Up-to-date: /home/alicechan/dai_ws/install/depthai_ros_driver/share/depthai_ros_driver/launch/example_segmentation.launch.py
[0.427s] -- Up-to-date: /home/alicechan/dai_ws/install/depthai_ros_driver/share/depthai_ros_driver/launch/pointcloud.launch.py
[0.427s] -- Up-to-date: /home/alicechan/dai_ws/install/depthai_ros_driver/share/depthai_ros_driver/launch/rgbd_pcl.launch.py
[0.427s] -- Up-to-date: /home/alicechan/dai_ws/install/depthai_ros_driver/share/depthai_ros_driver/launch/stereo_from_rosbag.launch.py
[0.427s] -- Up-to-date: /home/alicechan/dai_ws/install/depthai_ros_driver/share/depthai_ros_driver/config
[0.427s] -- Up-to-date: /home/alicechan/dai_ws/install/depthai_ros_driver/share/depthai_ros_driver/config/spatial_yolo.yaml
[0.427s] -- Up-to-date: /home/alicechan/dai_ws/install/depthai_ros_driver/share/depthai_ros_driver/config/isaac_vslam.yaml
[0.427s] -- Up-to-date: /home/alicechan/dai_ws/install/depthai_ros_driver/share/depthai_ros_driver/config/oak_d_sr.yaml
[0.427s] -- Up-to-date: /home/alicechan/dai_ws/install/depthai_ros_driver/share/depthai_ros_driver/config/rgbd.yaml
[0.427s] -- Up-to-date: /home/alicechan/dai_ws/install/depthai_ros_driver/share/depthai_ros_driver/config/nn
[0.427s] -- Up-to-date: /home/alicechan/dai_ws/install/depthai_ros_driver/share/depthai_ros_driver/config/nn/mobilenet.json
[0.427s] -- Up-to-date: /home/alicechan/dai_ws/install/depthai_ros_driver/share/depthai_ros_driver/config/nn/segmentation.json
[0.427s] -- Up-to-date: /home/alicechan/dai_ws/install/depthai_ros_driver/share/depthai_ros_driver/config/nn/yolo.json
[0.427s] -- Up-to-date: /home/alicechan/dai_ws/install/depthai_ros_driver/share/depthai_ros_driver/config/sr_rgbd.yaml
[0.427s] -- Up-to-date: /home/alicechan/dai_ws/install/depthai_ros_driver/share/depthai_ros_driver/config/calibration.yaml
[0.427s] -- Up-to-date: /home/alicechan/dai_ws/install/depthai_ros_driver/share/depthai_ros_driver/config/camera.yaml
[0.428s] -- Up-to-date: /home/alicechan/dai_ws/install/depthai_ros_driver/share/depthai_ros_driver/config/pcl.yaml
[0.428s] -- Up-to-date: /home/alicechan/dai_ws/install/depthai_ros_driver/share/depthai_ros_driver/config/oak_d_pro_w.yaml
[0.428s] -- Up-to-date: /home/alicechan/dai_ws/install/depthai_ros_driver/share/depthai_ros_driver/config/calibration
[0.428s] -- Up-to-date: /home/alicechan/dai_ws/install/depthai_ros_driver/share/depthai_ros_driver/config/calibration/right.yaml
[0.428s] -- Up-to-date: /home/alicechan/dai_ws/install/depthai_ros_driver/share/depthai_ros_driver/config/calibration/rgb.yaml
[0.428s] -- Up-to-date: /home/alicechan/dai_ws/install/depthai_ros_driver/share/depthai_ros_driver/config/calibration/left.yaml
[0.428s] -- Up-to-date: /home/alicechan/dai_ws/install/depthai_ros_driver/share/depthai_ros_driver/config/rviz
[0.428s] -- Up-to-date: /home/alicechan/dai_ws/install/depthai_ros_driver/share/depthai_ros_driver/config/rviz/rgbd.rviz
[0.428s] -- Up-to-date: /home/alicechan/dai_ws/install/depthai_ros_driver/share/depthai_ros_driver/config/rviz/segmentation.rviz
[0.428s] -- Up-to-date: /home/alicechan/dai_ws/install/depthai_ros_driver/share/depthai_ros_driver/config/rviz/multicam.rviz
[0.428s] -- Up-to-date: /home/alicechan/dai_ws/install/depthai_ros_driver/share/depthai_ros_driver/config/multicam_example.yaml
[0.428s] -- Up-to-date: /home/alicechan/dai_ws/install/depthai_ros_driver/share/depthai_ros_driver/config/segmentation.yaml
[0.428s] -- Up-to-date: /home/alicechan/dai_ws/install/depthai_ros_driver/share/depthai_ros_driver/config/stereo_from_rosbag.yaml
[0.428s] -- Up-to-date: /home/alicechan/dai_ws/install/depthai_ros_driver/share/depthai_ros_driver/config/low_bandwidth.yaml
[0.428s] -- Up-to-date: /home/alicechan/dai_ws/install/depthai_ros_driver/share/depthai_ros_driver/config/RX_3cams.yaml
[0.428s] -- Up-to-date: /home/alicechan/dai_ws/install/depthai_ros_driver/lib/libdepthai_ros_driver.so
[0.428s] -- Up-to-date: /home/alicechan/dai_ws/install/depthai_ros_driver/lib/libdepthai_ros_driver_sensor_nodes.so
[0.429s] -- Up-to-date: /home/alicechan/dai_ws/install/depthai_ros_driver/lib/libdepthai_ros_driver_nn_nodes.so
[0.430s] -- Up-to-date: /home/alicechan/dai_ws/install/depthai_ros_driver/lib/libdepthai_ros_driver_common.so
[0.430s] -- Up-to-date: /home/alicechan/dai_ws/install/depthai_ros_driver/share/depthai_ros_driver/cmake/depthai_ros_driverTargets.cmake
[0.430s] -- Up-to-date: /home/alicechan/dai_ws/install/depthai_ros_driver/share/depthai_ros_driver/cmake/depthai_ros_driverTargets-noconfig.cmake
[0.430s] -- Up-to-date: /home/alicechan/dai_ws/install/depthai_ros_driver/share/depthai_ros_driver/environment/pythonpath.sh
[0.430s] -- Up-to-date: /home/alicechan/dai_ws/install/depthai_ros_driver/share/depthai_ros_driver/environment/pythonpath.dsv
[0.430s] -- Up-to-date: /home/alicechan/dai_ws/install/depthai_ros_driver/local/lib/python3.10/dist-packages/depthai_ros_driver-2.9.0-py3.10.egg-info
[0.430s] -- Installing: /home/alicechan/dai_ws/install/depthai_ros_driver/local/lib/python3.10/dist-packages/depthai_ros_driver-2.9.0-py3.10.egg-info/top_level.txt
[0.430s] -- Installing: /home/alicechan/dai_ws/install/depthai_ros_driver/local/lib/python3.10/dist-packages/depthai_ros_driver-2.9.0-py3.10.egg-info/dependency_links.txt
[0.430s] -- Installing: /home/alicechan/dai_ws/install/depthai_ros_driver/local/lib/python3.10/dist-packages/depthai_ros_driver-2.9.0-py3.10.egg-info/PKG-INFO
[0.430s] -- Installing: /home/alicechan/dai_ws/install/depthai_ros_driver/local/lib/python3.10/dist-packages/depthai_ros_driver-2.9.0-py3.10.egg-info/SOURCES.txt
[0.430s] -- Up-to-date: /home/alicechan/dai_ws/install/depthai_ros_driver/local/lib/python3.10/dist-packages/depthai_ros_driver
[0.430s] -- Up-to-date: /home/alicechan/dai_ws/install/depthai_ros_driver/local/lib/python3.10/dist-packages/depthai_ros_driver/__init__.py
[0.452s] Listing '/home/alicechan/dai_ws/install/depthai_ros_driver/local/lib/python3.10/dist-packages/depthai_ros_driver'...
[0.455s] -- Up-to-date: /home/alicechan/dai_ws/install/depthai_ros_driver/lib/depthai_ros_driver/obj_pub.py
[0.455s] -- Up-to-date: /home/alicechan/dai_ws/install/depthai_ros_driver/lib/depthai_ros_driver/RX_OAK_sub_node.py
[0.455s] -- Up-to-date: /home/alicechan/dai_ws/install/depthai_ros_driver/lib/depthai_ros_driver/RX_simplified.py
[0.455s] -- Up-to-date: /home/alicechan/dai_ws/install/depthai_ros_driver/include
[0.455s] -- Up-to-date: /home/alicechan/dai_ws/install/depthai_ros_driver/include/depthai_ros_driver
[0.455s] -- Up-to-date: /home/alicechan/dai_ws/install/depthai_ros_driver/include/depthai_ros_driver/param_handlers
[0.455s] -- Up-to-date: /home/alicechan/dai_ws/install/depthai_ros_driver/include/depthai_ros_driver/param_handlers/base_param_handler.hpp
[0.455s] -- Up-to-date: /home/alicechan/dai_ws/install/depthai_ros_driver/include/depthai_ros_driver/param_handlers/stereo_param_handler.hpp
[0.456s] -- Up-to-date: /home/alicechan/dai_ws/install/depthai_ros_driver/include/depthai_ros_driver/param_handlers/nn_param_handler.hpp
[0.456s] -- Up-to-date: /home/alicechan/dai_ws/install/depthai_ros_driver/include/depthai_ros_driver/param_handlers/imu_param_handler.hpp
[0.456s] -- Up-to-date: /home/alicechan/dai_ws/install/depthai_ros_driver/include/depthai_ros_driver/param_handlers/feature_tracker_param_handler.hpp
[0.456s] -- Up-to-date: /home/alicechan/dai_ws/install/depthai_ros_driver/include/depthai_ros_driver/param_handlers/camera_param_handler.hpp
[0.456s] -- Up-to-date: /home/alicechan/dai_ws/install/depthai_ros_driver/include/depthai_ros_driver/param_handlers/sensor_param_handler.hpp
[0.456s] -- Up-to-date: /home/alicechan/dai_ws/install/depthai_ros_driver/include/depthai_ros_driver/utils.hpp
[0.456s] -- Up-to-date: /home/alicechan/dai_ws/install/depthai_ros_driver/include/depthai_ros_driver/dai_nodes
[0.456s] -- Up-to-date: /home/alicechan/dai_ws/install/depthai_ros_driver/include/depthai_ros_driver/dai_nodes/nn
[0.456s] -- Up-to-date: /home/alicechan/dai_ws/install/depthai_ros_driver/include/depthai_ros_driver/dai_nodes/nn/nn_helpers.hpp
[0.456s] -- Up-to-date: /home/alicechan/dai_ws/install/depthai_ros_driver/include/depthai_ros_driver/dai_nodes/nn/detection.hpp
[0.456s] -- Up-to-date: /home/alicechan/dai_ws/install/depthai_ros_driver/include/depthai_ros_driver/dai_nodes/nn/nn_wrapper.hpp
[0.456s] -- Up-to-date: /home/alicechan/dai_ws/install/depthai_ros_driver/include/depthai_ros_driver/dai_nodes/nn/spatial_nn_wrapper.hpp
[0.456s] -- Up-to-date: /home/alicechan/dai_ws/install/depthai_ros_driver/include/depthai_ros_driver/dai_nodes/nn/segmentation.hpp
[0.456s] -- Up-to-date: /home/alicechan/dai_ws/install/depthai_ros_driver/include/depthai_ros_driver/dai_nodes/nn/spatial_detection.hpp
[0.456s] -- Up-to-date: /home/alicechan/dai_ws/install/depthai_ros_driver/include/depthai_ros_driver/dai_nodes/stereo.hpp
[0.456s] -- Up-to-date: /home/alicechan/dai_ws/install/depthai_ros_driver/include/depthai_ros_driver/dai_nodes/base_node.hpp
[0.456s] -- Up-to-date: /home/alicechan/dai_ws/install/depthai_ros_driver/include/depthai_ros_driver/dai_nodes/sensors
[0.456s] -- Up-to-date: /home/alicechan/dai_ws/install/depthai_ros_driver/include/depthai_ros_driver/dai_nodes/sensors/feature_tracker.hpp
[0.456s] -- Up-to-date: /home/alicechan/dai_ws/install/depthai_ros_driver/include/depthai_ros_driver/dai_nodes/sensors/sensor_wrapper.hpp
[0.456s] -- Up-to-date: /home/alicechan/dai_ws/install/depthai_ros_driver/include/depthai_ros_driver/dai_nodes/sensors/sensor_helpers.hpp
[0.456s] -- Up-to-date: /home/alicechan/dai_ws/install/depthai_ros_driver/include/depthai_ros_driver/dai_nodes/sensors/mono.hpp
[0.456s] -- Up-to-date: /home/alicechan/dai_ws/install/depthai_ros_driver/include/depthai_ros_driver/dai_nodes/sensors/rgb.hpp
[0.456s] -- Up-to-date: /home/alicechan/dai_ws/install/depthai_ros_driver/include/depthai_ros_driver/dai_nodes/sensors/imu.hpp
[0.456s] -- Up-to-date: /home/alicechan/dai_ws/install/depthai_ros_driver/include/depthai_ros_driver/dai_nodes/sys_logger.hpp
[0.456s] -- Up-to-date: /home/alicechan/dai_ws/install/depthai_ros_driver/include/depthai_ros_driver/pipeline
[0.456s] -- Up-to-date: /home/alicechan/dai_ws/install/depthai_ros_driver/include/depthai_ros_driver/pipeline/base_types.hpp
[0.457s] -- Up-to-date: /home/alicechan/dai_ws/install/depthai_ros_driver/include/depthai_ros_driver/pipeline/pipeline_generator.hpp
[0.457s] -- Up-to-date: /home/alicechan/dai_ws/install/depthai_ros_driver/include/depthai_ros_driver/pipeline/base_pipeline.hpp
[0.457s] -- Up-to-date: /home/alicechan/dai_ws/install/depthai_ros_driver/include/depthai_ros_driver/camera.hpp
[0.457s] -- Up-to-date: /home/alicechan/dai_ws/install/depthai_ros_driver/share/ament_index/resource_index/package_run_dependencies/depthai_ros_driver
[0.457s] -- Up-to-date: /home/alicechan/dai_ws/install/depthai_ros_driver/share/ament_index/resource_index/parent_prefix_path/depthai_ros_driver
[0.457s] -- Up-to-date: /home/alicechan/dai_ws/install/depthai_ros_driver/share/depthai_ros_driver/environment/ament_prefix_path.sh
[0.457s] -- Up-to-date: /home/alicechan/dai_ws/install/depthai_ros_driver/share/depthai_ros_driver/environment/ament_prefix_path.dsv
[0.457s] -- Up-to-date: /home/alicechan/dai_ws/install/depthai_ros_driver/share/depthai_ros_driver/environment/path.sh
[0.457s] -- Up-to-date: /home/alicechan/dai_ws/install/depthai_ros_driver/share/depthai_ros_driver/environment/path.dsv
[0.457s] -- Up-to-date: /home/alicechan/dai_ws/install/depthai_ros_driver/share/depthai_ros_driver/local_setup.bash
[0.457s] -- Up-to-date: /home/alicechan/dai_ws/install/depthai_ros_driver/share/depthai_ros_driver/local_setup.sh
[0.457s] -- Up-to-date: /home/alicechan/dai_ws/install/depthai_ros_driver/share/depthai_ros_driver/local_setup.zsh
[0.457s] -- Up-to-date: /home/alicechan/dai_ws/install/depthai_ros_driver/share/depthai_ros_driver/local_setup.dsv
[0.457s] -- Installing: /home/alicechan/dai_ws/install/depthai_ros_driver/share/depthai_ros_driver/package.dsv
[0.457s] -- Up-to-date: /home/alicechan/dai_ws/install/depthai_ros_driver/share/ament_index/resource_index/packages/depthai_ros_driver
[0.457s] -- Up-to-date: /home/alicechan/dai_ws/install/depthai_ros_driver/share/ament_index/resource_index/depthai_ros_driver__pluginlib__plugin/depthai_ros_driver
[0.457s] -- Up-to-date: /home/alicechan/dai_ws/install/depthai_ros_driver/share/ament_index/resource_index/rclcpp_components/depthai_ros_driver
[0.457s] -- Up-to-date: /home/alicechan/dai_ws/install/depthai_ros_driver/share/depthai_ros_driver/cmake/depthai_ros_driverTargetsExport.cmake
[0.457s] -- Up-to-date: /home/alicechan/dai_ws/install/depthai_ros_driver/share/depthai_ros_driver/cmake/depthai_ros_driverTargetsExport-noconfig.cmake
[0.457s] -- Up-to-date: /home/alicechan/dai_ws/install/depthai_ros_driver/share/depthai_ros_driver/cmake/ament_cmake_export_include_directories-extras.cmake
[0.457s] -- Up-to-date: /home/alicechan/dai_ws/install/depthai_ros_driver/share/depthai_ros_driver/cmake/ament_cmake_export_targets-extras.cmake
[0.457s] -- Up-to-date: /home/alicechan/dai_ws/install/depthai_ros_driver/share/depthai_ros_driver/cmake/ament_cmake_export_libraries-extras.cmake
[0.457s] -- Up-to-date: /home/alicechan/dai_ws/install/depthai_ros_driver/share/depthai_ros_driver/cmake/ament_cmake_export_dependencies-extras.cmake
[0.457s] -- Up-to-date: /home/alicechan/dai_ws/install/depthai_ros_driver/share/depthai_ros_driver/cmake/depthai_ros_driverConfig.cmake
[0.457s] -- Up-to-date: /home/alicechan/dai_ws/install/depthai_ros_driver/share/depthai_ros_driver/cmake/depthai_ros_driverConfig-version.cmake
[0.457s] -- Up-to-date: /home/alicechan/dai_ws/install/depthai_ros_driver/share/depthai_ros_driver/package.xml
[0.459s] Invoked command in '/home/alicechan/dai_ws/build/depthai_ros_driver' returned '0': AMENT_PREFIX_PATH=/home/alicechan/dai_ws/install/depthai_examples:/home/alicechan/dai_ws/install/depthai_bridge:/home/alicechan/dai_ws/install/depthai_ros_msgs:/home/alicechan/dai_ws/install/depthai_descriptions:${AMENT_PREFIX_PATH} CMAKE_PREFIX_PATH=/home/alicechan/dai_ws/install/depthai_examples:/home/alicechan/dai_ws/install/depthai_bridge:/home/alicechan/dai_ws/install/depthai_ros_msgs:/home/alicechan/dai_ws/install/depthai_descriptions:/home/alicechan/git/ros2_ws/install/my_py_pkg:/opt/ros/humble GAZEBO_MODEL_PATH=/home/alicechan/dai_ws/install/depthai_descriptions GAZEBO_RESOURCE_PATH=/home/alicechan/dai_ws/install/depthai_descriptions IGN_GAZEBO_MODEL_PATH=/home/alicechan/dai_ws/install/depthai_descriptions IGN_GAZEBO_RESOURCE_PATH=/home/alicechan/dai_ws/install/depthai_descriptions LD_LIBRARY_PATH=/home/alicechan/dai_ws/install/depthai_bridge/lib:/home/alicechan/dai_ws/install/depthai_ros_msgs/lib:${LD_LIBRARY_PATH} PYTHONPATH=/home/alicechan/dai_ws/install/depthai_ros_msgs/local/lib/python3.10/dist-packages:${PYTHONPATH} /usr/bin/cmake --install /home/alicechan/dai_ws/build/depthai_ros_driver
