[0.005s] Invoking command in '/home/alicechan/dai_ws/build/depthai_bridge': AMENT_PREFIX_PATH=/home/alicechan/dai_ws/install/depthai_ros_msgs:${AMENT_PREFIX_PATH} CMAKE_PREFIX_PATH=/home/alicechan/dai_ws/install/depthai_ros_msgs:/home/alicechan/git/ros2_ws/install/my_py_pkg:/opt/ros/humble LD_LIBRARY_PATH=/home/alicechan/dai_ws/install/depthai_ros_msgs/lib:${LD_LIBRARY_PATH} PYTHONPATH=/home/alicechan/dai_ws/install/depthai_ros_msgs/local/lib/python3.10/dist-packages:${PYTHONPATH} /usr/bin/cmake /home/alicechan/dai_ws/src/depthai-ros/depthai_bridge -DCMAKE_INSTALL_PREFIX=/home/alicechan/dai_ws/install/depthai_bridge
[0.045s] -- The CXX compiler identification is GNU 11.4.0
[0.071s] -- The C compiler identification is GNU 11.4.0
[0.075s] -- Detecting CXX compiler ABI info
[0.121s] -- Detecting CXX compiler ABI info - done
[0.128s] -- Check for working CXX compiler: /usr/bin/c++ - skipped
[0.128s] -- Detecting CXX compile features
[0.128s] -- Detecting CXX compile features - done
[0.130s] -- Detecting C compiler ABI info
[0.171s] -- Detecting C compiler ABI info - done
[0.176s] -- Check for working C compiler: /usr/bin/cc - skipped
[0.176s] -- Detecting C compile features
[0.177s] -- Detecting C compile features - done
[0.180s] -- ------------------------------------------
[0.180s] -- Depthai Bridge is being built using AMENT.
[0.180s] -- ------------------------------------------
[0.181s] -- Found camera_info_manager: 3.1.9 (/opt/ros/humble/share/camera_info_manager/cmake)
[0.272s] -- Found Python3: /usr/bin/python3 (found version "3.10.12") found components: Interpreter 
[0.360s] -- Found rosidl_generator_c: 3.1.5 (/opt/ros/humble/share/rosidl_generator_c/cmake)
[0.363s] -- Found rosidl_adapter: 3.1.5 (/opt/ros/humble/share/rosidl_adapter/cmake)
[0.368s] -- Found rosidl_generator_cpp: 3.1.5 (/opt/ros/humble/share/rosidl_generator_cpp/cmake)
[0.375s] -- Using all available rosidl_typesupport_c: rosidl_typesupport_fastrtps_c;rosidl_typesupport_introspection_c
[0.387s] -- Using all available rosidl_typesupport_cpp: rosidl_typesupport_fastrtps_cpp;rosidl_typesupport_introspection_cpp
[0.429s] -- Found rmw_implementation_cmake: 6.1.2 (/opt/ros/humble/share/rmw_implementation_cmake/cmake)
[0.431s] -- Found rmw_fastrtps_cpp: 6.2.6 (/opt/ros/humble/share/rmw_fastrtps_cpp/cmake)
[0.493s] -- Found OpenSSL: /usr/lib/x86_64-linux-gnu/libcrypto.so (found version "3.0.2")  
[0.509s] -- Found FastRTPS: /opt/ros/humble/include  
[0.537s] -- Using RMW implementation 'rmw_fastrtps_cpp' as default
[0.543s] -- Looking for pthread.h
[0.587s] -- Looking for pthread.h - found
[0.587s] -- Performing Test CMAKE_HAVE_LIBC_PTHREAD
[0.630s] -- Performing Test CMAKE_HAVE_LIBC_PTHREAD - Success
[0.631s] -- Found Threads: TRUE  
[0.837s] -- Found cv_bridge: 3.2.1 (/opt/ros/humble/share/cv_bridge/cmake)
[0.840s] -- Found depthai_ros_msgs: 2.9.0 (/home/alicechan/dai_ws/install/depthai_ros_msgs/share/depthai_ros_msgs/cmake)
[0.978s] -- Found image_transport: 3.1.9 (/opt/ros/humble/share/image_transport/cmake)
[1.007s] -- Found stereo_msgs: 4.2.4 (/opt/ros/humble/share/stereo_msgs/cmake)
[1.060s] -- Found tf2_ros: 0.25.7 (/opt/ros/humble/share/tf2_ros/cmake)
[1.273s] -- Found tf2_geometry_msgs: 0.25.7 (/opt/ros/humble/share/tf2_geometry_msgs/cmake)
[1.282s] -- Found eigen3_cmake_module: 0.1.1 (/opt/ros/humble/share/eigen3_cmake_module/cmake)
[1.283s] -- Found Eigen3: TRUE (found version "3.4.0") 
[1.283s] -- Ensuring Eigen3 include directory is part of orocos-kdl CMake target
[1.291s] -- --------------------------humble ---
[1.291s] -- humble
[1.333s] -- Configuring done
[1.342s] -- Generating done
[1.343s] -- Build files have been written to: /home/alicechan/dai_ws/build/depthai_bridge
[1.352s] Invoked command in '/home/alicechan/dai_ws/build/depthai_bridge' returned '0': AMENT_PREFIX_PATH=/home/alicechan/dai_ws/install/depthai_ros_msgs:${AMENT_PREFIX_PATH} CMAKE_PREFIX_PATH=/home/alicechan/dai_ws/install/depthai_ros_msgs:/home/alicechan/git/ros2_ws/install/my_py_pkg:/opt/ros/humble LD_LIBRARY_PATH=/home/alicechan/dai_ws/install/depthai_ros_msgs/lib:${LD_LIBRARY_PATH} PYTHONPATH=/home/alicechan/dai_ws/install/depthai_ros_msgs/local/lib/python3.10/dist-packages:${PYTHONPATH} /usr/bin/cmake /home/alicechan/dai_ws/src/depthai-ros/depthai_bridge -DCMAKE_INSTALL_PREFIX=/home/alicechan/dai_ws/install/depthai_bridge
[1.352s] Invoking command in '/home/alicechan/dai_ws/build/depthai_bridge': AMENT_PREFIX_PATH=/home/alicechan/dai_ws/install/depthai_ros_msgs:${AMENT_PREFIX_PATH} CMAKE_PREFIX_PATH=/home/alicechan/dai_ws/install/depthai_ros_msgs:/home/alicechan/git/ros2_ws/install/my_py_pkg:/opt/ros/humble LD_LIBRARY_PATH=/home/alicechan/dai_ws/install/depthai_ros_msgs/lib:${LD_LIBRARY_PATH} PYTHONPATH=/home/alicechan/dai_ws/install/depthai_ros_msgs/local/lib/python3.10/dist-packages:${PYTHONPATH} /usr/bin/cmake --build /home/alicechan/dai_ws/build/depthai_bridge
[1.382s] [ 10%] [32mBuilding CXX object CMakeFiles/depthai_bridge.dir/src/DisparityConverter.cpp.o[0m
[3.669s] [ 20%] [32mBuilding CXX object CMakeFiles/depthai_bridge.dir/src/ImageConverter.cpp.o[0m
[6.617s] [ 30%] [32mBuilding CXX object CMakeFiles/depthai_bridge.dir/src/ImgDetectionConverter.cpp.o[0m
[8.909s] [ 40%] [32mBuilding CXX object CMakeFiles/depthai_bridge.dir/src/ImuConverter.cpp.o[0m
[11.424s] [ 50%] [32mBuilding CXX object CMakeFiles/depthai_bridge.dir/src/SpatialDetectionConverter.cpp.o[0m
[13.964s] [ 60%] [32mBuilding CXX object CMakeFiles/depthai_bridge.dir/src/TFPublisher.cpp.o[0m
[17.649s] [ 70%] [32mBuilding CXX object CMakeFiles/depthai_bridge.dir/src/TrackDetectionConverter.cpp.o[0m
[24.221s] [ 80%] [32mBuilding CXX object CMakeFiles/depthai_bridge.dir/src/TrackSpatialDetectionConverter.cpp.o[0m
[30.745s] [ 90%] [32mBuilding CXX object CMakeFiles/depthai_bridge.dir/src/TrackedFeaturesConverter.cpp.o[0m
[33.034s] [100%] [32m[1mLinking CXX shared library libdepthai_bridge.so[0m
[33.293s] [100%] Built target depthai_bridge
[33.304s] Invoked command in '/home/alicechan/dai_ws/build/depthai_bridge' returned '0': AMENT_PREFIX_PATH=/home/alicechan/dai_ws/install/depthai_ros_msgs:${AMENT_PREFIX_PATH} CMAKE_PREFIX_PATH=/home/alicechan/dai_ws/install/depthai_ros_msgs:/home/alicechan/git/ros2_ws/install/my_py_pkg:/opt/ros/humble LD_LIBRARY_PATH=/home/alicechan/dai_ws/install/depthai_ros_msgs/lib:${LD_LIBRARY_PATH} PYTHONPATH=/home/alicechan/dai_ws/install/depthai_ros_msgs/local/lib/python3.10/dist-packages:${PYTHONPATH} /usr/bin/cmake --build /home/alicechan/dai_ws/build/depthai_bridge
[33.328s] Invoking command in '/home/alicechan/dai_ws/build/depthai_bridge': AMENT_PREFIX_PATH=/home/alicechan/dai_ws/install/depthai_ros_msgs:${AMENT_PREFIX_PATH} CMAKE_PREFIX_PATH=/home/alicechan/dai_ws/install/depthai_ros_msgs:/home/alicechan/git/ros2_ws/install/my_py_pkg:/opt/ros/humble LD_LIBRARY_PATH=/home/alicechan/dai_ws/install/depthai_ros_msgs/lib:${LD_LIBRARY_PATH} PYTHONPATH=/home/alicechan/dai_ws/install/depthai_ros_msgs/local/lib/python3.10/dist-packages:${PYTHONPATH} /usr/bin/cmake --install /home/alicechan/dai_ws/build/depthai_bridge
[33.333s] -- Install configuration: ""
[33.333s] -- Installing: /home/alicechan/dai_ws/install/depthai_bridge/share/depthai_bridge/environment/library_path.sh
[33.333s] -- Installing: /home/alicechan/dai_ws/install/depthai_bridge/share/depthai_bridge/environment/library_path.dsv
[33.333s] -- Installing: /home/alicechan/dai_ws/install/depthai_bridge/include/
[33.333s] -- Installing: /home/alicechan/dai_ws/install/depthai_bridge/include//depthai_bridge
[33.333s] -- Installing: /home/alicechan/dai_ws/install/depthai_bridge/include//depthai_bridge/DisparityConverter.hpp
[33.333s] -- Installing: /home/alicechan/dai_ws/install/depthai_bridge/include//depthai_bridge/TrackedFeaturesConverter.hpp
[33.333s] -- Installing: /home/alicechan/dai_ws/install/depthai_bridge/include//depthai_bridge/SpatialDetectionConverter.hpp
[33.333s] -- Installing: /home/alicechan/dai_ws/install/depthai_bridge/include//depthai_bridge/depthaiUtility.hpp
[33.333s] -- Installing: /home/alicechan/dai_ws/install/depthai_bridge/include//depthai_bridge/TFPublisher.hpp
[33.333s] -- Installing: /home/alicechan/dai_ws/install/depthai_bridge/include//depthai_bridge/ImgDetectionConverter.hpp
[33.333s] -- Installing: /home/alicechan/dai_ws/install/depthai_bridge/include//depthai_bridge/TrackSpatialDetectionConverter.hpp
[33.333s] -- Installing: /home/alicechan/dai_ws/install/depthai_bridge/include//depthai_bridge/ImuConverter.hpp
[33.333s] -- Installing: /home/alicechan/dai_ws/install/depthai_bridge/include//depthai_bridge/BridgePublisher.hpp
[33.333s] -- Installing: /home/alicechan/dai_ws/install/depthai_bridge/include//depthai_bridge/TrackDetectionConverter.hpp
[33.334s] -- Installing: /home/alicechan/dai_ws/install/depthai_bridge/include//depthai_bridge/ImageConverter.hpp
[33.334s] -- Installing: /home/alicechan/dai_ws/install/depthai_bridge/lib/libdepthai_bridge.so
[33.336s] -- Set runtime path of "/home/alicechan/dai_ws/install/depthai_bridge/lib/libdepthai_bridge.so" to ""
[33.336s] -- Installing: /home/alicechan/dai_ws/install/depthai_bridge/share/depthai_bridge/cmake/depthai_bridgeTargets.cmake
[33.336s] -- Installing: /home/alicechan/dai_ws/install/depthai_bridge/share/depthai_bridge/cmake/depthai_bridgeTargets-noconfig.cmake
[33.336s] -- Installing: /home/alicechan/dai_ws/install/depthai_bridge/share/depthai_bridge/rviz
[33.336s] -- Installing: /home/alicechan/dai_ws/install/depthai_bridge/share/depthai_bridge/rviz/pointCloud.rviz
[33.336s] -- Installing: /home/alicechan/dai_ws/install/depthai_bridge/share/ament_index/resource_index/package_run_dependencies/depthai_bridge
[33.336s] -- Installing: /home/alicechan/dai_ws/install/depthai_bridge/share/ament_index/resource_index/parent_prefix_path/depthai_bridge
[33.336s] -- Installing: /home/alicechan/dai_ws/install/depthai_bridge/share/depthai_bridge/environment/ament_prefix_path.sh
[33.336s] -- Installing: /home/alicechan/dai_ws/install/depthai_bridge/share/depthai_bridge/environment/ament_prefix_path.dsv
[33.337s] -- Installing: /home/alicechan/dai_ws/install/depthai_bridge/share/depthai_bridge/environment/path.sh
[33.337s] -- Installing: /home/alicechan/dai_ws/install/depthai_bridge/share/depthai_bridge/environment/path.dsv
[33.337s] -- Installing: /home/alicechan/dai_ws/install/depthai_bridge/share/depthai_bridge/local_setup.bash
[33.337s] -- Installing: /home/alicechan/dai_ws/install/depthai_bridge/share/depthai_bridge/local_setup.sh
[33.337s] -- Installing: /home/alicechan/dai_ws/install/depthai_bridge/share/depthai_bridge/local_setup.zsh
[33.337s] -- Installing: /home/alicechan/dai_ws/install/depthai_bridge/share/depthai_bridge/local_setup.dsv
[33.337s] -- Installing: /home/alicechan/dai_ws/install/depthai_bridge/share/depthai_bridge/package.dsv
[33.337s] -- Installing: /home/alicechan/dai_ws/install/depthai_bridge/share/ament_index/resource_index/packages/depthai_bridge
[33.337s] -- Installing: /home/alicechan/dai_ws/install/depthai_bridge/share/depthai_bridge/cmake/depthai_bridgeTargetsExport.cmake
[33.337s] -- Installing: /home/alicechan/dai_ws/install/depthai_bridge/share/depthai_bridge/cmake/depthai_bridgeTargetsExport-noconfig.cmake
[33.337s] -- Installing: /home/alicechan/dai_ws/install/depthai_bridge/share/depthai_bridge/cmake/ament_cmake_export_targets-extras.cmake
[33.337s] -- Installing: /home/alicechan/dai_ws/install/depthai_bridge/share/depthai_bridge/cmake/ament_cmake_export_include_directories-extras.cmake
[33.337s] -- Installing: /home/alicechan/dai_ws/install/depthai_bridge/share/depthai_bridge/cmake/ament_cmake_export_libraries-extras.cmake
[33.337s] -- Installing: /home/alicechan/dai_ws/install/depthai_bridge/share/depthai_bridge/cmake/ament_cmake_export_dependencies-extras.cmake
[33.337s] -- Installing: /home/alicechan/dai_ws/install/depthai_bridge/share/depthai_bridge/cmake/depthai_bridgeConfig.cmake
[33.338s] -- Installing: /home/alicechan/dai_ws/install/depthai_bridge/share/depthai_bridge/cmake/depthai_bridgeConfig-version.cmake
[33.338s] -- Installing: /home/alicechan/dai_ws/install/depthai_bridge/share/depthai_bridge/package.xml
[33.339s] Invoked command in '/home/alicechan/dai_ws/build/depthai_bridge' returned '0': AMENT_PREFIX_PATH=/home/alicechan/dai_ws/install/depthai_ros_msgs:${AMENT_PREFIX_PATH} CMAKE_PREFIX_PATH=/home/alicechan/dai_ws/install/depthai_ros_msgs:/home/alicechan/git/ros2_ws/install/my_py_pkg:/opt/ros/humble LD_LIBRARY_PATH=/home/alicechan/dai_ws/install/depthai_ros_msgs/lib:${LD_LIBRARY_PATH} PYTHONPATH=/home/alicechan/dai_ws/install/depthai_ros_msgs/local/lib/python3.10/dist-packages:${PYTHONPATH} /usr/bin/cmake --install /home/alicechan/dai_ws/build/depthai_bridge
